#! /c/Source/iverilog-install/bin/vvp
:ivl_version "12.0 (devel)" "(s20150603-1539-g2693dd32b)";
:ivl_delay_selection "TYPICAL";
:vpi_time_precision + 0;
:vpi_module "C:\iverilog\lib\ivl\system.vpi";
:vpi_module "C:\iverilog\lib\ivl\vhdl_sys.vpi";
:vpi_module "C:\iverilog\lib\ivl\vhdl_textio.vpi";
:vpi_module "C:\iverilog\lib\ivl\v2005_math.vpi";
:vpi_module "C:\iverilog\lib\ivl\va_math.vpi";
:vpi_module "C:\iverilog\lib\ivl\v2009.vpi";
S_0000025a0ca81ad0 .scope package, "$unit" "$unit" 2 1;
 .timescale 0 0;
S_0000025a0ca84c80 .scope package, "lpu_config_pkg" "lpu_config_pkg" 3 23;
 .timescale 0 0;
P_0000025a0caa4fe0 .param/l "LPU_ACCUM_WIDTH" 0 3 82, +C4<00000000000000000000000000100000>;
P_0000025a0caa5018 .param/l "LPU_ARRAY_LANES" 0 3 80, +C4<00000000000000000000000000001000>;
P_0000025a0caa5050 .param/l "LPU_ARRAY_M_ROWS" 0 3 81, +C4<00000000000000000000000000000100>;
P_0000025a0caa5088 .param/l "LPU_CLK_DSP_MHZ" 0 3 91, +C4<00000000000000000000000001100100>;
P_0000025a0caa50c0 .param/l "LPU_CLK_PCIE_MHZ" 0 3 93, +C4<00000000000000000000000001100100>;
P_0000025a0caa50f8 .param/l "LPU_CLK_SYS_MHZ" 0 3 92, +C4<00000000000000000000000001100100>;
P_0000025a0caa5130 .param/l "LPU_DATA_WIDTH" 0 3 88, +C4<00000000000000000000000000100000>;
P_0000025a0caa5168 .param/l "LPU_EXPERTS_PER_FPGA" 0 3 74, +C4<00000000000000000000000000000100>;
P_0000025a0caa51a0 .param/l "LPU_HIDDEN" 0 3 65, +C4<00000000000000000000000000001000>;
P_0000025a0caa51d8 .param/l "LPU_INTERMEDIATE" 0 3 66, +C4<00000000000000000000000000000100>;
P_0000025a0caa5210 .param/l "LPU_KV_CACHE_SLOTS" 0 3 85, +C4<00000000000000000000000001000000>;
P_0000025a0caa5248 .param/l "LPU_K_LATENT" 0 3 67, +C4<00000000000000000000000000000100>;
P_0000025a0caa5280 .param/l "LPU_MAX_SEQ_LEN" 0 3 75, +C4<00000000000000000000000001000000>;
P_0000025a0caa52b8 .param/l "LPU_NUM_EXPERTS" 0 3 72, +C4<00000000000000000000000000000100>;
P_0000025a0caa52f0 .param/l "LPU_NUM_HEADS" 0 3 69, +C4<00000000000000000000000000000100>;
P_0000025a0caa5328 .param/l "LPU_NUM_LAYERS" 0 3 76, +C4<00000000000000000000000000001100>;
P_0000025a0caa5360 .param/l "LPU_QK_ROPE_DIM" 0 3 70, +C4<00000000000000000000000000000100>;
P_0000025a0caa5398 .param/l "LPU_SCALE_GROUPS" 0 3 86, +C4<00000000000000000000000000000100>;
P_0000025a0caa53d0 .param/l "LPU_TOP_K" 0 3 73, +C4<00000000000000000000000000000010>;
P_0000025a0caa5408 .param/l "LPU_VOCAB_SIZE" 0 3 77, +C4<00000000000000000000000000010000>;
P_0000025a0caa5440 .param/l "LPU_V_HEAD_DIM" 0 3 71, +C4<00000000000000000000000000001000>;
P_0000025a0caa5478 .param/l "LPU_V_LATENT" 0 3 68, +C4<00000000000000000000000000000100>;
P_0000025a0caa54b0 .param/l "LPU_WEIGHT_WIDTH" 0 3 87, +C4<00000000000000000000000000010000>;
S_0000025a0ca84e10 .scope module, "altera_mult_add" "altera_mult_add" 4 19;
 .timescale 0 0;
    .port_info 0 /INPUT 1 "clock";
    .port_info 1 /INPUT 18 "a";
    .port_info 2 /INPUT 19 "b";
    .port_info 3 /OUTPUT 37 "result";
P_0000025a0ca81c60 .param/l "A_WIDTH" 0 4 20, +C4<00000000000000000000000000010010>;
P_0000025a0ca81c98 .param/l "B_WIDTH" 0 4 21, +C4<00000000000000000000000000010011>;
P_0000025a0ca81cd0 .param/l "PIPE_STAGES" 0 4 22, +C4<00000000000000000000000000000010>;
P_0000025a0ca81d08 .param/l "R_WIDTH" 1 4 30, +C4<00000000000000000000000000100101>;
o0000025a0caa6508 .functor BUFZ 18, C4<zzzzzzzzzzzzzzzzzz>; HiZ drive
v0000025a0ca824a0_0 .net "a", 17 0, o0000025a0caa6508;  0 drivers
v0000025a0ca82900_0 .var/s "a_r", 17 0;
o0000025a0caa6568 .functor BUFZ 19, C4<zzzzzzzzzzzzzzzzzzz>; HiZ drive
v0000025a0ca83300_0 .net "b", 18 0, o0000025a0caa6568;  0 drivers
v0000025a0ca82720_0 .var/s "b_r", 18 0;
o0000025a0caa65c8 .functor BUFZ 1, C4<z>; HiZ drive
v0000025a0ca83120_0 .net "clock", 0 0, o0000025a0caa65c8;  0 drivers
v0000025a0ca82540_0 .var "result", 36 0;
S_0000025a0ca998e0 .scope generate, "g_pipe2" "g_pipe2" 4 44, 4 44 0, S_0000025a0ca84e10;
 .timescale 0 0;
E_0000025a0ca789d0 .event posedge, v0000025a0ca83120_0;
S_0000025a0ca91b00 .scope module, "altera_scfifo" "altera_scfifo" 5 13;
 .timescale 0 0;
    .port_info 0 /INPUT 1 "clk";
    .port_info 1 /INPUT 1 "rst_n";
    .port_info 2 /INPUT 1 "wr_en";
    .port_info 3 /INPUT 8 "wr_data";
    .port_info 4 /OUTPUT 1 "full";
    .port_info 5 /OUTPUT 1 "almost_full";
    .port_info 6 /INPUT 1 "rd_en";
    .port_info 7 /OUTPUT 8 "rd_data";
    .port_info 8 /OUTPUT 1 "empty";
    .port_info 9 /OUTPUT 5 "usedw";
P_0000025a0ca91c90 .param/l "AW" 1 5 30, +C4<00000000000000000000000000000100>;
P_0000025a0ca91cc8 .param/l "DEPTH" 0 5 15, +C4<00000000000000000000000000010000>;
P_0000025a0ca91d00 .param/l "SHOWAHEAD" 0 5 16, C4<0>;
P_0000025a0ca91d38 .param/l "WIDTH" 0 5 14, +C4<00000000000000000000000000001000>;
L_0000025a0caa0270 .functor BUFZ 5, v0000025a0ca82cc0_0, C4<00000>, C4<00000>, C4<00000>;
v0000025a0ca82ae0_0 .net *"_ivl_10", 31 0, L_0000025a0caf9610;  1 drivers
L_0000025a0ce80118 .functor BUFT 1, C4<000000000000000000000000000>, C4<0>, C4<0>, C4<0>;
v0000025a0ca833a0_0 .net *"_ivl_13", 26 0, L_0000025a0ce80118;  1 drivers
L_0000025a0ce80160 .functor BUFT 1, C4<00000000000000000000000000010000>, C4<0>, C4<0>, C4<0>;
v0000025a0ca82860_0 .net/2u *"_ivl_14", 31 0, L_0000025a0ce80160;  1 drivers
v0000025a0ca82b80_0 .net *"_ivl_18", 31 0, L_0000025a0caf97f0;  1 drivers
v0000025a0ca825e0_0 .net *"_ivl_2", 31 0, L_0000025a0cafa150;  1 drivers
L_0000025a0ce801a8 .functor BUFT 1, C4<000000000000000000000000000>, C4<0>, C4<0>, C4<0>;
v0000025a0ca82ea0_0 .net *"_ivl_21", 26 0, L_0000025a0ce801a8;  1 drivers
L_0000025a0ce801f0 .functor BUFT 1, C4<00000000000000000000000000001110>, C4<0>, C4<0>, C4<0>;
v0000025a0ca82d60_0 .net/2u *"_ivl_22", 31 0, L_0000025a0ce801f0;  1 drivers
L_0000025a0ce80088 .functor BUFT 1, C4<000000000000000000000000000>, C4<0>, C4<0>, C4<0>;
v0000025a0ca82e00_0 .net *"_ivl_5", 26 0, L_0000025a0ce80088;  1 drivers
L_0000025a0ce800d0 .functor BUFT 1, C4<00000000000000000000000000000000>, C4<0>, C4<0>, C4<0>;
v0000025a0ca831c0_0 .net/2u *"_ivl_6", 31 0, L_0000025a0ce800d0;  1 drivers
v0000025a0ca82c20_0 .net "almost_full", 0 0, L_0000025a0caf8670;  1 drivers
o0000025a0caa68c8 .functor BUFZ 1, C4<z>; HiZ drive
v0000025a0ca82680_0 .net "clk", 0 0, o0000025a0caa68c8;  0 drivers
v0000025a0ca82cc0_0 .var "count", 4 0;
v0000025a0ca82fe0_0 .net "empty", 0 0, L_0000025a0caf9110;  1 drivers
v0000025a0ca83260_0 .net "full", 0 0, L_0000025a0caf8df0;  1 drivers
v0000025a0ca827c0 .array "mem", 15 0, 7 0;
v0000025a0caf9cf0_0 .var "rd_data", 7 0;
o0000025a0caa69b8 .functor BUFZ 1, C4<z>; HiZ drive
v0000025a0caf96b0_0 .net "rd_en", 0 0, o0000025a0caa69b8;  0 drivers
v0000025a0caf9070_0 .var "rd_ptr", 3 0;
o0000025a0caa6a18 .functor BUFZ 1, C4<z>; HiZ drive
v0000025a0caf8b70_0 .net "rst_n", 0 0, o0000025a0caa6a18;  0 drivers
v0000025a0caf9250_0 .net "usedw", 4 0, L_0000025a0caa0270;  1 drivers
o0000025a0caa6a78 .functor BUFZ 8, C4<zzzzzzzz>; HiZ drive
v0000025a0caf92f0_0 .net "wr_data", 7 0, o0000025a0caa6a78;  0 drivers
o0000025a0caa6aa8 .functor BUFZ 1, C4<z>; HiZ drive
v0000025a0caf91b0_0 .net "wr_en", 0 0, o0000025a0caa6aa8;  0 drivers
v0000025a0caf9d90_0 .var "wr_ptr", 3 0;
L_0000025a0cafa150 .concat [ 5 27 0 0], v0000025a0ca82cc0_0, L_0000025a0ce80088;
L_0000025a0caf9110 .cmp/eq 32, L_0000025a0cafa150, L_0000025a0ce800d0;
L_0000025a0caf9610 .concat [ 5 27 0 0], v0000025a0ca82cc0_0, L_0000025a0ce80118;
L_0000025a0caf8df0 .cmp/eq 32, L_0000025a0caf9610, L_0000025a0ce80160;
L_0000025a0caf97f0 .concat [ 5 27 0 0], v0000025a0ca82cc0_0, L_0000025a0ce801a8;
L_0000025a0caf8670 .cmp/ge 32, L_0000025a0caf97f0, L_0000025a0ce801f0;
S_0000025a0ca99a70 .scope generate, "g_normal" "g_normal" 5 79, 5 79 0, S_0000025a0ca91b00;
 .timescale 0 0;
E_0000025a0ca78bd0/0 .event negedge, v0000025a0caf8b70_0;
E_0000025a0ca78bd0/1 .event posedge, v0000025a0ca82680_0;
E_0000025a0ca78bd0 .event/or E_0000025a0ca78bd0/0, E_0000025a0ca78bd0/1;
S_0000025a0ca91d80 .scope module, "altera_syncram" "altera_syncram" 6 22;
 .timescale 0 0;
    .port_info 0 /INPUT 1 "clock";
    .port_info 1 /INPUT 1 "wren";
    .port_info 2 /INPUT 9 "wraddress";
    .port_info 3 /INPUT 32 "data";
    .port_info 4 /INPUT 9 "rdaddress";
    .port_info 5 /OUTPUT 32 "q";
P_0000025a0ca99780 .param/l "ADDR_W" 1 6 36, +C4<00000000000000000000000000001001>;
P_0000025a0ca997b8 .param/l "DEPTH" 0 6 24, +C4<00000000000000000000001000000000>;
P_0000025a0ca997f0 .param/l "DEPTH_PAD" 1 6 37, +C4<00000000000000000000001000000000>;
P_0000025a0ca99828 .param/l "INIT_VALUE" 0 6 26, C4<0>;
P_0000025a0ca99860 .param/str "RAM_BLOCK_TYPE" 0 6 25, "AUTO";
P_0000025a0ca99898 .param/l "WIDTH" 0 6 23, +C4<00000000000000000000000000100000>;
v0000025a0cafa010_0 .net *"_ivl_0", 31 0, L_0000025a0caf8d50;  1 drivers
v0000025a0caf9390_0 .net *"_ivl_10", 10 0, L_0000025a0caf99d0;  1 drivers
L_0000025a0ce802c8 .functor BUFT 1, C4<00>, C4<0>, C4<0>, C4<0>;
v0000025a0cafa330_0 .net *"_ivl_13", 1 0, L_0000025a0ce802c8;  1 drivers
L_0000025a0ce80310 .functor BUFT 1, C4<00000000000000000000000000000000>, C4<0>, C4<0>, C4<0>;
v0000025a0cafa290_0 .net/2u *"_ivl_14", 31 0, L_0000025a0ce80310;  1 drivers
L_0000025a0ce80238 .functor BUFT 1, C4<00000000000000000000000>, C4<0>, C4<0>, C4<0>;
v0000025a0cafa3d0_0 .net *"_ivl_3", 22 0, L_0000025a0ce80238;  1 drivers
L_0000025a0ce80280 .functor BUFT 1, C4<00000000000000000000001000000000>, C4<0>, C4<0>, C4<0>;
v0000025a0cafa470_0 .net/2u *"_ivl_4", 31 0, L_0000025a0ce80280;  1 drivers
v0000025a0caf9430_0 .net *"_ivl_6", 0 0, L_0000025a0cafa1f0;  1 drivers
v0000025a0caf8850_0 .net *"_ivl_8", 31 0, L_0000025a0caf88f0;  1 drivers
o0000025a0caa6e98 .functor BUFZ 1, C4<z>; HiZ drive
v0000025a0caf94d0_0 .net "clock", 0 0, o0000025a0caa6e98;  0 drivers
o0000025a0caa6ec8 .functor BUFZ 32, C4<zzzzzzzzzzzzzzzzzzzzzzzzzzzzzzzz>; HiZ drive
v0000025a0cafa510_0 .net "data", 31 0, o0000025a0caa6ec8;  0 drivers
v0000025a0caf9750 .array "mem", 511 0, 31 0;
v0000025a0caf9ed0_0 .net "q", 31 0, L_0000025a0caf9890;  1 drivers
o0000025a0caa6f28 .functor BUFZ 9, C4<zzzzzzzzz>; HiZ drive
v0000025a0caf9930_0 .net "rdaddress", 8 0, o0000025a0caa6f28;  0 drivers
o0000025a0caa6f58 .functor BUFZ 9, C4<zzzzzzzzz>; HiZ drive
v0000025a0caf9570_0 .net "wraddress", 8 0, o0000025a0caa6f58;  0 drivers
o0000025a0caa6f88 .functor BUFZ 1, C4<z>; HiZ drive
v0000025a0caf8c10_0 .net "wren", 0 0, o0000025a0caa6f88;  0 drivers
E_0000025a0ca78d50 .event posedge, v0000025a0caf94d0_0;
L_0000025a0caf8d50 .concat [ 9 23 0 0], o0000025a0caa6f28, L_0000025a0ce80238;
L_0000025a0cafa1f0 .cmp/gt 32, L_0000025a0ce80280, L_0000025a0caf8d50;
L_0000025a0caf88f0 .array/port v0000025a0caf9750, L_0000025a0caf99d0;
L_0000025a0caf99d0 .concat [ 9 2 0 0], o0000025a0caa6f28, L_0000025a0ce802c8;
L_0000025a0caf9890 .functor MUXZ 32, L_0000025a0ce80310, L_0000025a0caf88f0, L_0000025a0cafa1f0, C4<>;
S_0000025a0cafa740 .scope begin, "$ivl_for_loop0" "$ivl_for_loop0" 6 45, 6 45 0, S_0000025a0ca91d80;
 .timescale 0 0;
v0000025a0caf9e30_0 .var/2s "i", 31 0;
    .scope S_0000025a0ca998e0;
T_0 ;
    %wait E_0000025a0ca789d0;
    %load/vec4 v0000025a0ca824a0_0;
    %assign/vec4 v0000025a0ca82900_0, 0;
    %load/vec4 v0000025a0ca83300_0;
    %assign/vec4 v0000025a0ca82720_0, 0;
    %jmp T_0;
    .thread T_0;
    .scope S_0000025a0ca998e0;
T_1 ;
    %wait E_0000025a0ca789d0;
    %load/vec4 v0000025a0ca82900_0;
    %pad/s 37;
    %load/vec4 v0000025a0ca82720_0;
    %pad/s 37;
    %mul;
    %assign/vec4 v0000025a0ca82540_0, 0;
    %jmp T_1;
    .thread T_1;
    .scope S_0000025a0ca99a70;
T_2 ;
    %wait E_0000025a0ca78bd0;
    %load/vec4 v0000025a0caf8b70_0;
    %nor/r;
    %flag_set/vec4 8;
    %jmp/0xz  T_2.0, 8;
    %pushi/vec4 0, 0, 8;
    %assign/vec4 v0000025a0caf9cf0_0, 0;
    %jmp T_2.1;
T_2.0 ;
    %load/vec4 v0000025a0caf96b0_0;
    %flag_set/vec4 9;
    %flag_get/vec4 9;
    %jmp/0 T_2.4, 9;
    %load/vec4 v0000025a0ca82fe0_0;
    %nor/r;
    %and;
T_2.4;
    %flag_set/vec4 8;
    %jmp/0xz  T_2.2, 8;
    %load/vec4 v0000025a0caf9070_0;
    %pad/u 6;
    %ix/vec4 4;
    %load/vec4a v0000025a0ca827c0, 4;
    %assign/vec4 v0000025a0caf9cf0_0, 0;
T_2.2 ;
T_2.1 ;
    %jmp T_2;
    .thread T_2;
    .scope S_0000025a0ca91b00;
T_3 ;
    %wait E_0000025a0ca78bd0;
    %load/vec4 v0000025a0caf8b70_0;
    %nor/r;
    %flag_set/vec4 8;
    %jmp/0xz  T_3.0, 8;
    %pushi/vec4 0, 0, 4;
    %assign/vec4 v0000025a0caf9d90_0, 0;
    %jmp T_3.1;
T_3.0 ;
    %load/vec4 v0000025a0caf91b0_0;
    %flag_set/vec4 9;
    %flag_get/vec4 9;
    %jmp/0 T_3.4, 9;
    %load/vec4 v0000025a0ca83260_0;
    %nor/r;
    %and;
T_3.4;
    %flag_set/vec4 8;
    %jmp/0xz  T_3.2, 8;
    %load/vec4 v0000025a0caf92f0_0;
    %load/vec4 v0000025a0caf9d90_0;
    %pad/u 6;
    %ix/vec4 3;
    %ix/load 4, 0, 0; Constant delay
    %assign/vec4/a/d v0000025a0ca827c0, 0, 4;
    %load/vec4 v0000025a0caf9d90_0;
    %addi 1, 0, 4;
    %assign/vec4 v0000025a0caf9d90_0, 0;
T_3.2 ;
T_3.1 ;
    %jmp T_3;
    .thread T_3;
    .scope S_0000025a0ca91b00;
T_4 ;
    %wait E_0000025a0ca78bd0;
    %load/vec4 v0000025a0caf8b70_0;
    %nor/r;
    %flag_set/vec4 8;
    %jmp/0xz  T_4.0, 8;
    %pushi/vec4 0, 0, 4;
    %assign/vec4 v0000025a0caf9070_0, 0;
    %pushi/vec4 0, 0, 5;
    %assign/vec4 v0000025a0ca82cc0_0, 0;
    %jmp T_4.1;
T_4.0 ;
    %load/vec4 v0000025a0caf91b0_0;
    %flag_set/vec4 8;
    %flag_get/vec4 8;
    %jmp/0 T_4.7, 8;
    %load/vec4 v0000025a0ca83260_0;
    %nor/r;
    %and;
T_4.7;
    %load/vec4 v0000025a0caf96b0_0;
    %flag_set/vec4 8;
    %flag_get/vec4 8;
    %jmp/0 T_4.8, 8;
    %load/vec4 v0000025a0ca82fe0_0;
    %nor/r;
    %and;
T_4.8;
    %concat/vec4; draw_concat_vec4
    %dup/vec4;
    %pushi/vec4 2, 0, 2;
    %cmp/u;
    %jmp/1 T_4.2, 6;
    %dup/vec4;
    %pushi/vec4 1, 0, 2;
    %cmp/u;
    %jmp/1 T_4.3, 6;
    %dup/vec4;
    %pushi/vec4 3, 0, 2;
    %cmp/u;
    %jmp/1 T_4.4, 6;
    %jmp T_4.6;
T_4.2 ;
    %load/vec4 v0000025a0ca82cc0_0;
    %addi 1, 0, 5;
    %assign/vec4 v0000025a0ca82cc0_0, 0;
    %jmp T_4.6;
T_4.3 ;
    %load/vec4 v0000025a0caf9070_0;
    %addi 1, 0, 4;
    %assign/vec4 v0000025a0caf9070_0, 0;
    %load/vec4 v0000025a0ca82cc0_0;
    %subi 1, 0, 5;
    %assign/vec4 v0000025a0ca82cc0_0, 0;
    %jmp T_4.6;
T_4.4 ;
    %load/vec4 v0000025a0caf9070_0;
    %addi 1, 0, 4;
    %assign/vec4 v0000025a0caf9070_0, 0;
    %jmp T_4.6;
T_4.6 ;
    %pop/vec4 1;
T_4.1 ;
    %jmp T_4;
    .thread T_4;
    .scope S_0000025a0ca91d80;
T_5 ;
    %fork t_1, S_0000025a0cafa740;
    %jmp t_0;
    .scope S_0000025a0cafa740;
t_1 ;
    %pushi/vec4 0, 0, 32;
    %store/vec4 v0000025a0caf9e30_0, 0, 32;
T_5.0 ;
    %load/vec4 v0000025a0caf9e30_0;
    %cmpi/s 512, 0, 32;
    %jmp/0xz T_5.1, 5;
    %pushi/vec4 0, 0, 32;
    %ix/getv/s 4, v0000025a0caf9e30_0;
    %store/vec4a v0000025a0caf9750, 4, 0;
    ; show_stmt_assign_vector: Get l-value for compressed += operand
    %load/vec4 v0000025a0caf9e30_0;
    %pushi/vec4 1, 0, 32;
    %add;
    %cast2;
    %store/vec4 v0000025a0caf9e30_0, 0, 32;
    %jmp T_5.0;
T_5.1 ;
    %end;
    .scope S_0000025a0ca91d80;
t_0 %join;
    %end;
    .thread T_5;
    .scope S_0000025a0ca91d80;
T_6 ;
    %wait E_0000025a0ca78d50;
    %load/vec4 v0000025a0caf8c10_0;
    %flag_set/vec4 8;
    %jmp/0xz  T_6.0, 8;
    %load/vec4 v0000025a0cafa510_0;
    %load/vec4 v0000025a0caf9570_0;
    %pad/u 11;
    %ix/vec4 3;
    %ix/load 4, 0, 0; Constant delay
    %assign/vec4/a/d v0000025a0caf9750, 0, 4;
T_6.0 ;
    %jmp T_6;
    .thread T_6;
# The file index is used to find the file name in the following table.
:file_names 7;
    "N/A";
    "<interactive>";
    "-";
    "rtl/include/lpu_config.svh";
    "rtl/sim/altera_mult_add.sv";
    "rtl/sim/altera_scfifo.sv";
    "rtl/sim/altera_syncram.sv";
