#! /c/Source/iverilog-install/bin/vvp
:ivl_version "12.0 (devel)" "(s20150603-1539-g2693dd32b)";
:ivl_delay_selection "TYPICAL";
:vpi_time_precision + 0;
:vpi_module "C:\iverilog\lib\ivl\system.vpi";
:vpi_module "C:\iverilog\lib\ivl\vhdl_sys.vpi";
:vpi_module "C:\iverilog\lib\ivl\vhdl_textio.vpi";
:vpi_module "C:\iverilog\lib\ivl\v2005_math.vpi";
:vpi_module "C:\iverilog\lib\ivl\va_math.vpi";
:vpi_module "C:\iverilog\lib\ivl\v2009.vpi";
S_0000017497325620 .scope package, "$unit" "$unit" 2 1;
 .timescale 0 0;
S_0000017497365070 .scope autofunction.vec4.s8, "decode_fp8" "decode_fp8" 3 80, 3 80 0, S_0000017497325620;
 .timescale 0 0;
; Variable decode_fp8 is vec4 return value of scope S_0000017497365070
v0000017497330b10_0 .var "fp8", 7 0;
TD_$unit.decode_fp8 ;
    %load/vec4 v0000017497330b10_0;
    %parti/s 1, 7, 4;
    %ix/load 4, 7, 0;
    %flag_set/imm 4, 0;
    %ret/vec4 0, 4, 1; Assign to decode_fp8 (store_vec4_to_lval)
    %load/vec4 v0000017497330b10_0;
    %parti/s 4, 3, 3;
    %ix/load 4, 3, 0;
    %flag_set/imm 4, 0;
    %ret/vec4 0, 4, 4; Assign to decode_fp8 (store_vec4_to_lval)
    %load/vec4 v0000017497330b10_0;
    %parti/s 3, 0, 2;
    %ix/load 4, 0, 0;
    %flag_set/imm 4, 0;
    %ret/vec4 0, 4, 3; Assign to decode_fp8 (store_vec4_to_lval)
    %end;
S_00000174972feb20 .scope autofunction.vec4.s6, "fp4_mag_to_scaled" "fp4_mag_to_scaled" 3 55, 3 55 0, S_0000017497325620;
 .timescale 0 0;
; Variable fp4_mag_to_scaled is vec4 return value of scope S_00000174972feb20
v0000017497330e30_0 .var "mag", 2 0;
TD_$unit.fp4_mag_to_scaled ;
    %load/vec4 v0000017497330e30_0;
    %dup/vec4;
    %pushi/vec4 0, 0, 3;
    %cmp/u;
    %jmp/1 T_1.0, 6;
    %dup/vec4;
    %pushi/vec4 1, 0, 3;
    %cmp/u;
    %jmp/1 T_1.1, 6;
    %dup/vec4;
    %pushi/vec4 2, 0, 3;
    %cmp/u;
    %jmp/1 T_1.2, 6;
    %dup/vec4;
    %pushi/vec4 3, 0, 3;
    %cmp/u;
    %jmp/1 T_1.3, 6;
    %dup/vec4;
    %pushi/vec4 4, 0, 3;
    %cmp/u;
    %jmp/1 T_1.4, 6;
    %dup/vec4;
    %pushi/vec4 5, 0, 3;
    %cmp/u;
    %jmp/1 T_1.5, 6;
    %dup/vec4;
    %pushi/vec4 6, 0, 3;
    %cmp/u;
    %jmp/1 T_1.6, 6;
    %dup/vec4;
    %pushi/vec4 7, 0, 3;
    %cmp/u;
    %jmp/1 T_1.7, 6;
    %jmp T_1.8;
T_1.0 ;
    %pushi/vec4 0, 0, 6;
    %ret/vec4 0, 0, 6;  Assign to fp4_mag_to_scaled (store_vec4_to_lval)
    %jmp T_1.8;
T_1.1 ;
    %pushi/vec4 4, 0, 6;
    %ret/vec4 0, 0, 6;  Assign to fp4_mag_to_scaled (store_vec4_to_lval)
    %jmp T_1.8;
T_1.2 ;
    %pushi/vec4 8, 0, 6;
    %ret/vec4 0, 0, 6;  Assign to fp4_mag_to_scaled (store_vec4_to_lval)
    %jmp T_1.8;
T_1.3 ;
    %pushi/vec4 12, 0, 6;
    %ret/vec4 0, 0, 6;  Assign to fp4_mag_to_scaled (store_vec4_to_lval)
    %jmp T_1.8;
T_1.4 ;
    %pushi/vec4 16, 0, 6;
    %ret/vec4 0, 0, 6;  Assign to fp4_mag_to_scaled (store_vec4_to_lval)
    %jmp T_1.8;
T_1.5 ;
    %pushi/vec4 24, 0, 6;
    %ret/vec4 0, 0, 6;  Assign to fp4_mag_to_scaled (store_vec4_to_lval)
    %jmp T_1.8;
T_1.6 ;
    %pushi/vec4 32, 0, 6;
    %ret/vec4 0, 0, 6;  Assign to fp4_mag_to_scaled (store_vec4_to_lval)
    %jmp T_1.8;
T_1.7 ;
    %pushi/vec4 48, 0, 6;
    %ret/vec4 0, 0, 6;  Assign to fp4_mag_to_scaled (store_vec4_to_lval)
    %jmp T_1.8;
T_1.8 ;
    %pop/vec4 1;
    %end;
S_00000174972fecb0 .scope autofunction.vec4.u12, "fp8_to_scaled12" "fp8_to_scaled12" 3 94, 3 94 0, S_0000017497325620;
 .timescale 0 0;
v0000017497330a70_0 .var "exp", 3 0;
v00000174973313d0_0 .var "fp8", 7 0;
; Variable fp8_to_scaled12 is vec4 return value of scope S_00000174972fecb0
v0000017497331010_0 .var "mant", 2 0;
v0000017497330bb0_0 .var/s "result", 11 0;
v0000017497330c50_0 .var "sign", 0 0;
TD_$unit.fp8_to_scaled12 ;
    %load/vec4 v00000174973313d0_0;
    %parti/s 1, 7, 4;
    %store/vec4 v0000017497330c50_0, 0, 1;
    %load/vec4 v00000174973313d0_0;
    %parti/s 4, 3, 3;
    %store/vec4 v0000017497330a70_0, 0, 4;
    %load/vec4 v00000174973313d0_0;
    %parti/s 3, 0, 2;
    %store/vec4 v0000017497331010_0, 0, 3;
    %load/vec4 v0000017497330a70_0;
    %cmpi/e 0, 0, 4;
    %jmp/0xz  T_2.9, 4;
    %pushi/vec4 0, 0, 1;
    %pushi/vec4 0, 0, 8;
    %load/vec4 v0000017497331010_0;
    %parti/s 2, 1, 2;
    %concat/vec4; draw_concat_vec4
    %concat/vec4; draw_concat_vec4
    %pad/s 12;
    %store/vec4 v0000017497330bb0_0, 0, 12;
    %jmp T_2.10;
T_2.9 ;
    %load/vec4 v0000017497330a70_0;
    %cmpi/u 2, 0, 4;
    %jmp/0xz  T_2.11, 5;
    %pushi/vec4 0, 0, 1;
    %concati/vec4 1, 0, 1;
    %load/vec4 v0000017497331010_0;
    %concat/vec4; draw_concat_vec4
    %pad/s 12;
    %ix/load 4, 1, 0;
    %flag_set/imm 4, 0;
    %shiftr/s 4;
    %store/vec4 v0000017497330bb0_0, 0, 12;
    %jmp T_2.12;
T_2.11 ;
    %fork t_1, S_00000174972c0330;
    %jmp t_0;
    .scope S_00000174972c0330;
t_1 ;
    %load/vec4 v0000017497330a70_0;
    %pad/u 5;
    %subi 2, 0, 5;
    %store/vec4 v0000017497330f70_0, 0, 5;
    %pushi/vec4 0, 0, 8;
    %concati/vec4 1, 0, 1;
    %load/vec4 v0000017497331010_0;
    %concat/vec4; draw_concat_vec4
    %pad/s 16;
    %ix/getv 4, v0000017497330f70_0;
    %shiftl 4;
    %store/vec4 v0000017497330ed0_0, 0, 16;
    %load/vec4 v0000017497330ed0_0;
    %cmpi/s 2047, 0, 16;
    %flag_or 5, 4; GT is !LE
    %flag_inv 5;
    %jmp/0xz  T_2.13, 5;
    %pushi/vec4 2047, 0, 12;
    %store/vec4 v0000017497330bb0_0, 0, 12;
    %jmp T_2.14;
T_2.13 ;
    %load/vec4 v0000017497330ed0_0;
    %cmpi/s 63488, 0, 16;
    %jmp/0xz  T_2.15, 5;
    %pushi/vec4 2048, 0, 12;
    %store/vec4 v0000017497330bb0_0, 0, 12;
    %jmp T_2.16;
T_2.15 ;
    %load/vec4 v0000017497330ed0_0;
    %parti/s 12, 0, 2;
    %store/vec4 v0000017497330bb0_0, 0, 12;
T_2.16 ;
T_2.14 ;
    %end;
    .scope S_00000174972fecb0;
t_0 %join;
T_2.12 ;
T_2.10 ;
    %load/vec4 v0000017497330c50_0;
    %flag_set/vec4 8;
    %jmp/0xz  T_2.17, 8;
    %load/vec4 v0000017497330bb0_0;
    %inv;
    %pushi/vec4 1, 0, 12;
    %add;
    %store/vec4 v0000017497330bb0_0, 0, 12;
T_2.17 ;
    %load/vec4 v0000017497330bb0_0;
    %ret/vec4 0, 0, 12;  Assign to fp8_to_scaled12 (store_vec4_to_lval)
    %end;
S_00000174972c0330 .scope autobegin, "$unm_blk_3" "$unm_blk_3" 3 106, 3 106 0, S_00000174972fecb0;
 .timescale 0 0;
v0000017497330ed0_0 .var/s "full", 15 0;
v0000017497330f70_0 .var "shift", 4 0;
S_000001749736b340 .scope package, "tb_golden_pkg" "tb_golden_pkg" 4 7;
 .timescale 0 0;
P_000001749736d230 .param/l "NUM_TESTS" 1 4 9, +C4<00000000000000000000000000001110>;
P_000001749736d268 .param/l "T0_A_PACK" 1 4 14, C4<00111000>;
P_000001749736d2a0 .param/l "T0_EXPECTED" 1 4 16, C4<00000000000000000001000000000000>;
P_000001749736d2d8 .param/l "T0_LEN" 1 4 12, +C4<00000000000000000000000000000001>;
P_000001749736d310 .param/l "T0_S_PACK" 1 4 15, C4<00111000>;
P_000001749736d348 .param/l "T0_W_PACK" 1 4 13, C4<0100>;
P_000001749736d380 .param/l "T10_A_PACK" 1 4 84, C4<00111000001110000011100000111000001110000011100000111000001110000011100000111000001110000011100000111000001110000011100000111000>;
P_000001749736d3b8 .param/l "T10_EXPECTED" 1 4 86, C4<00000000000000010000000000000000>;
P_000001749736d3f0 .param/l "T10_LEN" 1 4 82, +C4<00000000000000000000000000010000>;
P_000001749736d428 .param/l "T10_S_PACK" 1 4 85, C4<00111000001110000011100000111000001110000011100000111000001110000011100000111000001110000011100000111000001110000011100000111000>;
P_000001749736d460 .param/l "T10_W_PACK" 1 4 83, C4<0100010001000100010001000100010001000100010001000100010001000100>;
P_000001749736d498 .param/l "T11_A_PACK" 1 4 91, C4<00111000001110000011100000111000001110000011100000111000001110000011100000111000001110000011100000111000001110000011100000111000>;
P_000001749736d4d0 .param/l "T11_EXPECTED" 1 4 93, C4<00000000000000000000000000000000>;
P_000001749736d508 .param/l "T11_LEN" 1 4 89, +C4<00000000000000000000000000010000>;
P_000001749736d540 .param/l "T11_S_PACK" 1 4 92, C4<00111000001110000011100000111000001110000011100000111000001110000011100000111000001110000011100000111000001110000011100000111000>;
P_000001749736d578 .param/l "T11_W_PACK" 1 4 90, C4<1110011011100110111001101110011011100110111001101110011011100110>;
P_000001749736d5b0 .param/l "T12_A_PACK" 1 4 98, C4<0011100000110000001010000010000000011000000100000000100000000000>;
P_000001749736d5e8 .param/l "T12_EXPECTED" 1 4 100, C4<00000000000000000001111111000000>;
P_000001749736d620 .param/l "T12_LEN" 1 4 96, +C4<00000000000000000000000000001000>;
P_000001749736d658 .param/l "T12_S_PACK" 1 4 99, C4<0011100000111000001110000011100000111000001110000011100000111000>;
P_000001749736d690 .param/l "T12_W_PACK" 1 4 97, C4<01000100010001000100010001000100>;
P_000001749736d6c8 .param/l "T13_A_PACK" 1 4 105, C4<00111000001110000011100000111000>;
P_000001749736d700 .param/l "T13_EXPECTED" 1 4 107, C4<00000000000000000111100000000000>;
P_000001749736d738 .param/l "T13_LEN" 1 4 103, +C4<00000000000000000000000000000100>;
P_000001749736d770 .param/l "T13_S_PACK" 1 4 106, C4<00110000010000000011000001000000>;
P_000001749736d7a8 .param/l "T13_W_PACK" 1 4 104, C4<0110011001000100>;
P_000001749736d7e0 .param/l "T1_A_PACK" 1 4 21, C4<00101000001010000011000000110000>;
P_000001749736d818 .param/l "T1_EXPECTED" 1 4 23, C4<00000000000000000001010000000000>;
P_000001749736d850 .param/l "T1_LEN" 1 4 19, +C4<00000000000000000000000000000100>;
P_000001749736d888 .param/l "T1_S_PACK" 1 4 22, C4<00111000001110000011100000111000>;
P_000001749736d8c0 .param/l "T1_W_PACK" 1 4 20, C4<0101010100100010>;
P_000001749736d8f8 .param/l "T2_A_PACK" 1 4 28, C4<0011100000111000001110000011100000111000001110000011100000111000>;
P_000001749736d930 .param/l "T2_EXPECTED" 1 4 30, C4<00000000000000001001000000000000>;
P_000001749736d968 .param/l "T2_LEN" 1 4 26, +C4<00000000000000000000000000001000>;
P_000001749736d9a0 .param/l "T2_S_PACK" 1 4 29, C4<0011100000111000001110000011100000111000001110000011100000111000>;
P_000001749736d9d8 .param/l "T2_W_PACK" 1 4 27, C4<01110110010101000011001000010000>;
P_000001749736da10 .param/l "T3_A_PACK" 1 4 35, C4<00111000001110000011100000111000001110000011100000111000>;
P_000001749736da48 .param/l "T3_EXPECTED" 1 4 37, C4<11111111111111110111000000000000>;
P_000001749736da80 .param/l "T3_LEN" 1 4 33, +C4<00000000000000000000000000000111>;
P_000001749736dab8 .param/l "T3_S_PACK" 1 4 36, C4<00111000001110000011100000111000001110000011100000111000>;
P_000001749736daf0 .param/l "T3_W_PACK" 1 4 34, C4<1111111011011100101110101001>;
P_000001749736db28 .param/l "T4_A_PACK" 1 4 42, C4<1011000000111000>;
P_000001749736db60 .param/l "T4_EXPECTED" 1 4 44, C4<11111111111111111110000000000000>;
P_000001749736db98 .param/l "T4_LEN" 1 4 40, +C4<00000000000000000000000000000010>;
P_000001749736dbd0 .param/l "T4_S_PACK" 1 4 43, C4<0011100000111000>;
P_000001749736dc08 .param/l "T4_W_PACK" 1 4 41, C4<01101100>;
P_000001749736dc40 .param/l "T5_A_PACK" 1 4 49, C4<000000000011100000111000>;
P_000001749736dc78 .param/l "T5_EXPECTED" 1 4 51, C4<00000000000000000000000000000000>;
P_000001749736dcb0 .param/l "T5_LEN" 1 4 47, +C4<00000000000000000000000000000011>;
P_000001749736dce8 .param/l "T5_S_PACK" 1 4 50, C4<001110000011100000111000>;
P_000001749736dd20 .param/l "T5_W_PACK" 1 4 48, C4<010010000000>;
P_000001749736dd58 .param/l "T6_A_PACK" 1 4 56, C4<000001110000010000000001>;
P_000001749736dd90 .param/l "T6_EXPECTED" 1 4 58, C4<00000000000000000000000001010000>;
P_000001749736ddc8 .param/l "T6_LEN" 1 4 54, +C4<00000000000000000000000000000011>;
P_000001749736de00 .param/l "T6_S_PACK" 1 4 57, C4<001110000011100000111000>;
P_000001749736de38 .param/l "T6_W_PACK" 1 4 55, C4<010001000100>;
P_000001749736de70 .param/l "T7_A_PACK" 1 4 63, C4<00001111000011100000100100001000>;
P_000001749736dea8 .param/l "T7_EXPECTED" 1 4 65, C4<00000000000000000000000101100000>;
P_000001749736dee0 .param/l "T7_LEN" 1 4 61, +C4<00000000000000000000000000000100>;
P_000001749736df18 .param/l "T7_S_PACK" 1 4 64, C4<00111000001110000011100000111000>;
P_000001749736df50 .param/l "T7_W_PACK" 1 4 62, C4<0100010001000100>;
P_000001749736df88 .param/l "T8_A_PACK" 1 4 70, C4<010100000100111101001000>;
P_000001749736dfc0 .param/l "T8_EXPECTED" 1 4 72, C4<00000000000000010011011111110000>;
P_000001749736dff8 .param/l "T8_LEN" 1 4 68, +C4<00000000000000000000000000000011>;
P_000001749736e030 .param/l "T8_S_PACK" 1 4 71, C4<001110000011100000111000>;
P_000001749736e068 .param/l "T8_W_PACK" 1 4 69, C4<010001000100>;
P_000001749736e0a0 .param/l "T9_A_PACK" 1 4 77, C4<0011100000111000001110000011100000111000001110000011100000111000001110000011100000111000001110000011100000111000001110000011100000111000001110000011100000111000001110000011100000111000001110000011100000111000001110000011100000111000001110000011100000111000>;
P_000001749736e0d8 .param/l "T9_EXPECTED" 1 4 79, C4<00000000000001100000000000000000>;
P_000001749736e110 .param/l "T9_LEN" 1 4 75, +C4<00000000000000000000000000100000>;
P_000001749736e148 .param/l "T9_S_PACK" 1 4 78, C4<0011100000111000001110000011100000111000001110000011100000111000001110000011100000111000001110000011100000111000001110000011100000111000001110000011100000111000001110000011100000111000001110000011100000111000001110000011100000111000001110000011100000111000>;
P_000001749736e180 .param/l "T9_W_PACK" 1 4 76, C4<01110111011101110111011101110111011101110111011101110111011101110111011101110111011101110111011101110111011101110111011101110111>;
S_000001749736a570 .scope module, "tb_fp4_mac" "tb_fp4_mac" 5 16;
 .timescale 0 0;
P_0000017497269f50 .param/l "CLK_PERIOD" 1 5 18, +C4<00000000000000000000000000001010>;
P_0000017497269f88 .param/l "PIPELINE_DEPTH" 1 5 19, +C4<00000000000000000000000000000110>;
v000001749770a5d0_0 .var "accum_clr", 0 0;
v000001749771d310_0 .var "clk", 0 0;
v000001749771dbd0_0 .var/i "fail_count", 31 0;
v000001749771d090_0 .var "mac_in", 24 0;
v000001749771ce10_0 .net "mac_out", 32 0, L_000001749771c690;  1 drivers
v000001749771db30_0 .var/i "pass_count", 31 0;
v000001749771c870_0 .var "rst_n", 0 0;
S_00000174972c04c0 .scope begin, "$unm_blk_35" "$unm_blk_35" 5 151, 5 151 0, S_000001749736a570;
 .timescale 0 0;
v00000174973307f0_0 .var/s "part1", 31 0;
v00000174973311f0_0 .var/s "part2", 31 0;
E_0000017497321070 .event posedge, v000001749770b930_0;
S_000001749736bcc0 .scope autotask, "check_result" "check_result" 5 68, 5 68 0, S_000001749736a570;
 .timescale 0 0;
v0000017497330d90_0 .var "expected", 31 0;
v0000017497331470_0 .var/str "test_name";
TD_tb_fp4_mac.check_result ;
    %pushi/vec4 6, 0, 32;
T_3.19 %dup/vec4;
    %pushi/vec4 0, 0, 32;
    %cmp/s;
    %jmp/1xz T_3.20, 5;
    %jmp/1 T_3.20, 4;
    %pushi/vec4 1, 0, 32;
    %sub;
    %wait E_0000017497321070;
    %jmp T_3.19;
T_3.20 ;
    %pop/vec4 1;
    %load/vec4 v000001749771ce10_0;
    %parti/u 32, 1, 32;
    %load/vec4 v0000017497330d90_0;
    %cmp/ne;
    %jmp/0xz  T_3.21, 6;
    %vpi_call/w 5 75 "$error", "[FAIL] %s", v0000017497331470_0 {0 0 0};
    %vpi_call/w 5 76 "$error", "       got:      0x%08h (%0d)", &PV<v000001749771ce10_0, 1, 32>, &PV<v000001749771ce10_0, 1, 32> {0 0 0};
    %vpi_call/w 5 77 "$error", "       expected: 0x%08h (%0d)", v0000017497330d90_0, v0000017497330d90_0 {0 0 0};
    %load/vec4 v000001749771ce10_0;
    %parti/u 32, 1, 32;
    %load/vec4 v0000017497330d90_0;
    %sub;
    %vpi_call/w 5 78 "$error", "       diff:     0x%08h", S<0,vec4,u32> {1 0 0};
    ; show_stmt_assign_vector: Get l-value for compressed += operand
    %load/vec4 v000001749771dbd0_0;
    %pushi/vec4 1, 0, 32;
    %add;
    %store/vec4 v000001749771dbd0_0, 0, 32;
    %jmp T_3.22;
T_3.21 ;
    %vpi_call/w 5 81 "$display", "[ OK ] %s  (0x%08h)", v0000017497331470_0, &PV<v000001749771ce10_0, 1, 32> {0 0 0};
    ; show_stmt_assign_vector: Get l-value for compressed += operand
    %load/vec4 v000001749771db30_0;
    %pushi/vec4 1, 0, 32;
    %add;
    %store/vec4 v000001749771db30_0, 0, 32;
T_3.22 ;
    %end;
S_000001749736be50 .scope autotask, "drive" "drive" 5 35, 5 35 0, S_000001749736a570;
 .timescale 0 0;
v00000174973310b0_0 .var "a", 7 0;
v0000017497331150_0 .var "s", 7 0;
v0000017497331290_0 .var "w", 3 0;
TD_tb_fp4_mac.drive ;
    %load/vec4 v0000017497331290_0;
    %ix/load 4, 21, 0;
    %flag_set/imm 4, 0;
    %store/vec4 v000001749771d090_0, 4, 4;
    %alloc S_00000174972fecb0;
    %load/vec4 v0000017497331150_0;
    %store/vec4 v00000174973313d0_0, 0, 8;
    %callf/vec4 TD_$unit.fp8_to_scaled12, S_00000174972fecb0;
    %free S_00000174972fecb0;
    %ix/load 4, 9, 0;
    %flag_set/imm 4, 0;
    %store/vec4 v000001749771d090_0, 4, 12;
    %load/vec4 v00000174973310b0_0;
    %ix/load 4, 1, 0;
    %flag_set/imm 4, 0;
    %store/vec4 v000001749771d090_0, 4, 8;
    %pushi/vec4 1, 0, 1;
    %ix/load 4, 0, 0;
    %flag_set/imm 4, 0;
    %store/vec4 v000001749771d090_0, 4, 1;
    %wait E_0000017497321070;
    %pushi/vec4 0, 0, 1;
    %ix/load 4, 0, 0;
    %flag_set/imm 4, 0;
    %store/vec4 v000001749771d090_0, 4, 1;
    %end;
S_000001749736bfe0 .scope autotask, "drive_stream" "drive_stream" 5 47, 5 47 0, S_000001749736a570;
 .timescale 0 0;
v0000017497330610_0 .var/darray "activs", 8;
v0000017497330750_0 .var/darray "scales", 8;
v000001749770a8f0_0 .var/darray "weights", 4;
TD_tb_fp4_mac.drive_stream ;
    %fork t_3, S_000001749736c170;
    %jmp t_2;
    .scope S_000001749736c170;
t_3 ;
    %pushi/vec4 0, 0, 32;
    %store/vec4 v0000017497330570_0, 0, 32;
T_5.23 ;
    %load/vec4 v0000017497330570_0;
    %vpi_func 5 52 "$size" 32, v000001749770a8f0_0 {0 0 0};
    %cmp/s;
    %jmp/0xz T_5.24, 5;
    %ix/getv/s 3, v0000017497330570_0;
    %load/dar/vec4 v000001749770a8f0_0;
    %ix/load 4, 21, 0;
    %flag_set/imm 4, 0;
    %store/vec4 v000001749771d090_0, 4, 4;
    %alloc S_00000174972fecb0;
    %ix/getv/s 3, v0000017497330570_0;
    %load/dar/vec4 v0000017497330750_0;
    %store/vec4 v00000174973313d0_0, 0, 8;
    %callf/vec4 TD_$unit.fp8_to_scaled12, S_00000174972fecb0;
    %free S_00000174972fecb0;
    %ix/load 4, 9, 0;
    %flag_set/imm 4, 0;
    %store/vec4 v000001749771d090_0, 4, 12;
    %ix/getv/s 3, v0000017497330570_0;
    %load/dar/vec4 v0000017497330610_0;
    %ix/load 4, 1, 0;
    %flag_set/imm 4, 0;
    %store/vec4 v000001749771d090_0, 4, 8;
    %pushi/vec4 1, 0, 1;
    %ix/load 4, 0, 0;
    %flag_set/imm 4, 0;
    %store/vec4 v000001749771d090_0, 4, 1;
    %wait E_0000017497321070;
    ; show_stmt_assign_vector: Get l-value for compressed += operand
    %load/vec4 v0000017497330570_0;
    %pushi/vec4 1, 0, 32;
    %add;
    %cast2;
    %store/vec4 v0000017497330570_0, 0, 32;
    %jmp T_5.23;
T_5.24 ;
    %end;
    .scope S_000001749736bfe0;
t_2 %join;
    %pushi/vec4 0, 0, 1;
    %ix/load 4, 0, 0;
    %flag_set/imm 4, 0;
    %store/vec4 v000001749771d090_0, 4, 1;
    %end;
S_000001749736c170 .scope autobegin, "$ivl_for_loop0" "$ivl_for_loop0" 5 52, 5 52 0, S_000001749736bfe0;
 .timescale 0 0;
v0000017497330570_0 .var/2s "i", 31 0;
S_000001749736e1c0 .scope module, "dut" "fp4_mac" 5 27, 6 12 0, S_000001749736a570;
 .timescale 0 0;
    .port_info 0 /INPUT 1 "clk";
    .port_info 1 /INPUT 1 "rst_n";
    .port_info 2 /INPUT 1 "accum_clr";
    .port_info 3 /INPUT 25 "mac_in";
    .port_info 4 /OUTPUT 33 "mac_out";
P_000001749726af50 .param/l "ACCUM_WIDTH" 0 6 13, +C4<00000000000000000000000000100000>;
P_000001749726af88 .param/l "VEC_LANES" 0 6 14, +C4<00000000000000000000000000000010>;
v000001749770bf70_0 .net *"_ivl_15", 31 0, v000001749770a990_0;  1 drivers
v000001749770b570_0 .net *"_ivl_20", 0 0, v000001749770ae90_0;  1 drivers
v000001749770b750_0 .net "a_exp", 3 0, L_000001749771d3b0;  1 drivers
v000001749770a850_0 .net "a_mant", 2 0, L_000001749771d770;  1 drivers
v000001749770a350_0 .var/s "a_scaled", 11 0;
v000001749770a3f0_0 .net "a_sign", 0 0, L_000001749771df90;  1 drivers
v000001749770b890_0 .net "accum_clr", 0 0, v000001749770a5d0_0;  1 drivers
v000001749770a990_0 .var "accumulator", 31 0;
v000001749770b930_0 .net "clk", 0 0, v000001749771d310_0;  1 drivers
v000001749770ac10_0 .net "mac_in", 24 0, v000001749771d090_0;  1 drivers
v000001749770b070_0 .net "mac_out", 32 0, L_000001749771c690;  alias, 1 drivers
v000001749770b9d0_0 .net "rst_n", 0 0, v000001749771c870_0;  1 drivers
v000001749770ab70_0 .var "s0_activ", 7 0;
v000001749770b1b0_0 .var "s0_scale", 11 0;
v000001749770c010_0 .var "s0_valid", 0 0;
v000001749770a170_0 .var "s0_weight", 3 0;
v000001749770ad50_0 .var "s1_a_scaled", 11 0;
v000001749770a710_0 .var "s1_sc_scaled", 11 0;
v000001749770bc50_0 .var "s1_valid", 0 0;
v000001749770a210_0 .var "s1_w_signed", 7 0;
v000001749770bbb0_0 .var/s "s2_base_product", 19 0;
v000001749770a530_0 .var "s2_sc_scaled", 11 0;
v000001749770aa30_0 .var "s2_valid", 0 0;
v000001749770adf0_0 .var/s "s3_product", 31 0;
v000001749770a7b0_0 .var "s3_valid", 0 0;
v000001749770ae90_0 .var "s4_valid", 0 0;
v000001749770a670_0 .net/s "sc_scaled", 11 0, v000001749770b1b0_0;  1 drivers
v000001749770afd0_0 .net "w_mag", 2 0, L_000001749771c410;  1 drivers
v000001749770ba70_0 .net "w_mag_scaled", 5 0, L_000001749771de50;  1 drivers
v000001749770bcf0_0 .net "w_sign", 0 0, L_000001749771cc30;  1 drivers
v000001749770bd90_0 .var "w_signed", 7 0;
E_0000017497320d70/0 .event negedge, v000001749770b9d0_0;
E_0000017497320d70/1 .event posedge, v000001749770b930_0;
E_0000017497320d70 .event/or E_0000017497320d70/0, E_0000017497320d70/1;
E_0000017497321230/0 .event anyedge, v000001749770b750_0, v000001749770a850_0, v000001749770a850_0, v000001749770b7f0_0;
E_0000017497321230/1 .event anyedge, v000001749770a3f0_0;
E_0000017497321230 .event/or E_0000017497321230/0, E_0000017497321230/1;
E_00000174973206f0 .event anyedge, v000001749770afd0_0, v000001749770bcf0_0, v000001749770ba70_0;
L_000001749771cc30 .part v000001749770a170_0, 3, 1;
L_000001749771c410 .part v000001749770a170_0, 0, 3;
L_000001749771de50 .ufunc/vec4 TD_$unit.fp4_mag_to_scaled, 6, L_000001749771c410 (v0000017497330e30_0) S_00000174972feb20;
L_000001749771df90 .part v000001749770ab70_0, 7, 1;
L_000001749771d3b0 .part v000001749770ab70_0, 3, 4;
L_000001749771d770 .part v000001749770ab70_0, 0, 3;
L_000001749771c690 .concat8 [ 1 32 0 0], v000001749770ae90_0, v000001749770a990_0;
S_000001749736e350 .scope begin, "$unm_blk_14" "$unm_blk_14" 6 99, 6 99 0, S_000001749736e1c0;
 .timescale 0 0;
v000001749770b7f0_0 .var/s "a_full", 15 0;
v000001749770bb10_0 .var "shift", 4 0;
S_000001749736e4e0 .scope autofunction.vec4.s32, "sat_acc" "sat_acc" 6 177, 6 177 0, S_000001749736e1c0;
 .timescale 0 0;
v000001749770b610_0 .var "add_val", 31 0;
v000001749770b6b0_0 .var "old_acc", 31 0;
v000001749770acb0_0 .var "old_sign", 0 0;
; Variable sat_acc is vec4 return value of scope S_000001749736e4e0
v000001749770aad0_0 .var "sum_raw", 31 0;
v000001749770b390_0 .var "sum_sign", 0 0;
v000001749770b250_0 .var "val_sign", 0 0;
TD_tb_fp4_mac.dut.sat_acc ;
    %load/vec4 v000001749770b6b0_0;
    %load/vec4 v000001749770b610_0;
    %add;
    %store/vec4 v000001749770aad0_0, 0, 32;
    %load/vec4 v000001749770b6b0_0;
    %parti/s 1, 31, 6;
    %store/vec4 v000001749770acb0_0, 0, 1;
    %load/vec4 v000001749770b610_0;
    %parti/s 1, 31, 6;
    %store/vec4 v000001749770b250_0, 0, 1;
    %load/vec4 v000001749770aad0_0;
    %parti/s 1, 31, 6;
    %store/vec4 v000001749770b390_0, 0, 1;
    %load/vec4 v000001749770acb0_0;
    %nor/r;
    %flag_set/vec4 10;
    %flag_get/vec4 10;
    %jmp/0 T_6.28, 10;
    %load/vec4 v000001749770b250_0;
    %nor/r;
    %and;
T_6.28;
    %flag_set/vec4 9;
    %flag_get/vec4 9;
    %jmp/0 T_6.27, 9;
    %load/vec4 v000001749770b390_0;
    %and;
T_6.27;
    %flag_set/vec4 8;
    %jmp/0xz  T_6.25, 8;
    %pushi/vec4 2147483647, 0, 32;
    %ret/vec4 0, 0, 32;  Assign to sat_acc (store_vec4_to_lval)
    %jmp T_6.26;
T_6.25 ;
    %load/vec4 v000001749770acb0_0;
    %flag_set/vec4 10;
    %flag_get/vec4 10;
    %jmp/0 T_6.32, 10;
    %load/vec4 v000001749770b250_0;
    %and;
T_6.32;
    %flag_set/vec4 9;
    %flag_get/vec4 9;
    %jmp/0 T_6.31, 9;
    %load/vec4 v000001749770b390_0;
    %nor/r;
    %and;
T_6.31;
    %flag_set/vec4 8;
    %jmp/0xz  T_6.29, 8;
    %pushi/vec4 2147483648, 0, 32;
    %ret/vec4 0, 0, 32;  Assign to sat_acc (store_vec4_to_lval)
    %jmp T_6.30;
T_6.29 ;
    %load/vec4 v000001749770aad0_0;
    %ret/vec4 0, 0, 32;  Assign to sat_acc (store_vec4_to_lval)
T_6.30 ;
T_6.26 ;
    %end;
S_000001749736e670 .scope autotask, "run_test" "run_test" 5 89, 5 89 0, S_000001749736a570;
 .timescale 0 0;
v000001749770b430_0 .var "activs_pack", 511 0;
v000001749770a2b0_0 .var "expected", 31 0;
v000001749770a490_0 .var/2s "len", 31 0;
v000001749770be30_0 .var "scales_pack", 511 0;
v000001749770b110_0 .var/str "test_name";
v000001749770bed0_0 .var/2u "use_stream", 0 0;
v000001749770b2f0_0 .var "weights_pack", 255 0;
TD_tb_fp4_mac.run_test ;
    %pushi/vec4 1, 0, 1;
    %store/vec4 v000001749770a5d0_0, 0, 1;
    %wait E_0000017497321070;
    %pushi/vec4 0, 0, 1;
    %store/vec4 v000001749770a5d0_0, 0, 1;
    %fork t_5, S_000001749736e800;
    %jmp t_4;
    .scope S_000001749736e800;
t_5 ;
    %pushi/vec4 0, 0, 32;
    %store/vec4 v000001749770af30_0, 0, 32;
T_7.33 ;
    %load/vec4 v000001749770af30_0;
    %load/vec4 v000001749770a490_0;
    %cmp/s;
    %jmp/0xz T_7.34, 5;
    %alloc S_000001749736be50;
    %load/vec4 v000001749770b2f0_0;
    %load/vec4 v000001749770af30_0;
    %muli 4, 0, 32;
    %part/s 4;
    %store/vec4 v0000017497331290_0, 0, 4;
    %load/vec4 v000001749770b430_0;
    %load/vec4 v000001749770af30_0;
    %muli 8, 0, 32;
    %part/s 8;
    %store/vec4 v00000174973310b0_0, 0, 8;
    %load/vec4 v000001749770be30_0;
    %load/vec4 v000001749770af30_0;
    %muli 8, 0, 32;
    %part/s 8;
    %store/vec4 v0000017497331150_0, 0, 8;
    %fork TD_tb_fp4_mac.drive, S_000001749736be50;
    %join;
    %free S_000001749736be50;
    ; show_stmt_assign_vector: Get l-value for compressed += operand
    %load/vec4 v000001749770af30_0;
    %pushi/vec4 1, 0, 32;
    %add;
    %cast2;
    %store/vec4 v000001749770af30_0, 0, 32;
    %jmp T_7.33;
T_7.34 ;
    %end;
    .scope S_000001749736e670;
t_4 %join;
    %alloc S_000001749736bcc0;
    %load/vec4 v000001749770a2b0_0;
    %store/vec4 v0000017497330d90_0, 0, 32;
    %load/str v000001749770b110_0;
    %store/str v0000017497331470_0;
    %fork TD_tb_fp4_mac.check_result, S_000001749736bcc0;
    %join;
    %free S_000001749736bcc0;
    %end;
S_000001749736e800 .scope autobegin, "$ivl_for_loop1" "$ivl_for_loop1" 5 104, 5 104 0, S_000001749736e670;
 .timescale 0 0;
v000001749770af30_0 .var/2s "i", 31 0;
    .scope S_000001749736e1c0;
T_8 ;
    %wait E_0000017497320d70;
    %load/vec4 v000001749770b9d0_0;
    %nor/r;
    %flag_set/vec4 8;
    %jmp/0xz  T_8.0, 8;
    %pushi/vec4 0, 0, 4;
    %assign/vec4 v000001749770a170_0, 0;
    %pushi/vec4 0, 0, 12;
    %assign/vec4 v000001749770b1b0_0, 0;
    %pushi/vec4 0, 0, 8;
    %assign/vec4 v000001749770ab70_0, 0;
    %pushi/vec4 0, 0, 1;
    %assign/vec4 v000001749770c010_0, 0;
    %jmp T_8.1;
T_8.0 ;
    %load/vec4 v000001749770ac10_0;
    %parti/u 4, 21, 32;
    %assign/vec4 v000001749770a170_0, 0;
    %load/vec4 v000001749770ac10_0;
    %parti/u 12, 9, 32;
    %assign/vec4 v000001749770b1b0_0, 0;
    %load/vec4 v000001749770ac10_0;
    %parti/u 8, 1, 32;
    %assign/vec4 v000001749770ab70_0, 0;
    %load/vec4 v000001749770ac10_0;
    %parti/u 1, 0, 32;
    %assign/vec4 v000001749770c010_0, 0;
T_8.1 ;
    %jmp T_8;
    .thread T_8;
    .scope S_000001749736e1c0;
T_9 ;
Ewait_0 .event/or E_00000174973206f0, E_0x0;
    %wait Ewait_0;
    %load/vec4 v000001749770afd0_0;
    %cmpi/e 0, 0, 3;
    %jmp/0xz  T_9.0, 4;
    %pushi/vec4 0, 0, 8;
    %store/vec4 v000001749770bd90_0, 0, 8;
    %jmp T_9.1;
T_9.0 ;
    %load/vec4 v000001749770bcf0_0;
    %flag_set/vec4 8;
    %jmp/0xz  T_9.2, 8;
    %pushi/vec4 0, 0, 2;
    %load/vec4 v000001749770ba70_0;
    %concat/vec4; draw_concat_vec4
    %inv;
    %pushi/vec4 1, 0, 8;
    %add;
    %store/vec4 v000001749770bd90_0, 0, 8;
    %jmp T_9.3;
T_9.2 ;
    %pushi/vec4 0, 0, 2;
    %load/vec4 v000001749770ba70_0;
    %concat/vec4; draw_concat_vec4
    %store/vec4 v000001749770bd90_0, 0, 8;
T_9.3 ;
T_9.1 ;
    %jmp T_9;
    .thread T_9, $push;
    .scope S_000001749736e1c0;
T_10 ;
Ewait_1 .event/or E_0000017497321230, E_0x0;
    %wait Ewait_1;
    %load/vec4 v000001749770b750_0;
    %cmpi/e 0, 0, 4;
    %jmp/0xz  T_10.0, 4;
    %pushi/vec4 0, 0, 1;
    %pushi/vec4 0, 0, 8;
    %load/vec4 v000001749770a850_0;
    %parti/s 2, 1, 2;
    %concat/vec4; draw_concat_vec4
    %concat/vec4; draw_concat_vec4
    %pad/s 12;
    %store/vec4 v000001749770a350_0, 0, 12;
    %jmp T_10.1;
T_10.0 ;
    %load/vec4 v000001749770b750_0;
    %cmpi/u 2, 0, 4;
    %jmp/0xz  T_10.2, 5;
    %pushi/vec4 0, 0, 1;
    %concati/vec4 1, 0, 1;
    %load/vec4 v000001749770a850_0;
    %concat/vec4; draw_concat_vec4
    %pad/s 12;
    %ix/load 4, 1, 0;
    %flag_set/imm 4, 0;
    %shiftr/s 4;
    %store/vec4 v000001749770a350_0, 0, 12;
    %jmp T_10.3;
T_10.2 ;
    %fork t_7, S_000001749736e350;
    %jmp t_6;
    .scope S_000001749736e350;
t_7 ;
    %load/vec4 v000001749770b750_0;
    %pad/u 5;
    %subi 2, 0, 5;
    %store/vec4 v000001749770bb10_0, 0, 5;
    %pushi/vec4 0, 0, 8;
    %concati/vec4 1, 0, 1;
    %load/vec4 v000001749770a850_0;
    %concat/vec4; draw_concat_vec4
    %pad/s 16;
    %ix/getv 4, v000001749770bb10_0;
    %shiftl 4;
    %store/vec4 v000001749770b7f0_0, 0, 16;
    %load/vec4 v000001749770b7f0_0;
    %cmpi/s 2047, 0, 16;
    %flag_or 5, 4; GT is !LE
    %flag_inv 5;
    %jmp/0xz  T_10.4, 5;
    %pushi/vec4 2047, 0, 12;
    %store/vec4 v000001749770a350_0, 0, 12;
    %jmp T_10.5;
T_10.4 ;
    %load/vec4 v000001749770b7f0_0;
    %cmpi/s 63488, 0, 16;
    %jmp/0xz  T_10.6, 5;
    %pushi/vec4 2048, 0, 12;
    %store/vec4 v000001749770a350_0, 0, 12;
    %jmp T_10.7;
T_10.6 ;
    %load/vec4 v000001749770b7f0_0;
    %parti/s 12, 0, 2;
    %store/vec4 v000001749770a350_0, 0, 12;
T_10.7 ;
T_10.5 ;
    %end;
    .scope S_000001749736e1c0;
t_6 %join;
T_10.3 ;
T_10.1 ;
    %load/vec4 v000001749770a3f0_0;
    %flag_set/vec4 8;
    %jmp/0xz  T_10.8, 8;
    %load/vec4 v000001749770a350_0;
    %inv;
    %pushi/vec4 1, 0, 12;
    %add;
    %store/vec4 v000001749770a350_0, 0, 12;
T_10.8 ;
    %jmp T_10;
    .thread T_10, $push;
    .scope S_000001749736e1c0;
T_11 ;
    %wait E_0000017497320d70;
    %load/vec4 v000001749770b9d0_0;
    %nor/r;
    %flag_set/vec4 8;
    %jmp/0xz  T_11.0, 8;
    %pushi/vec4 0, 0, 8;
    %assign/vec4 v000001749770a210_0, 0;
    %pushi/vec4 0, 0, 12;
    %assign/vec4 v000001749770ad50_0, 0;
    %pushi/vec4 0, 0, 12;
    %assign/vec4 v000001749770a710_0, 0;
    %pushi/vec4 0, 0, 1;
    %assign/vec4 v000001749770bc50_0, 0;
    %jmp T_11.1;
T_11.0 ;
    %load/vec4 v000001749770bd90_0;
    %assign/vec4 v000001749770a210_0, 0;
    %load/vec4 v000001749770a350_0;
    %assign/vec4 v000001749770ad50_0, 0;
    %load/vec4 v000001749770a670_0;
    %assign/vec4 v000001749770a710_0, 0;
    %load/vec4 v000001749770c010_0;
    %assign/vec4 v000001749770bc50_0, 0;
T_11.1 ;
    %jmp T_11;
    .thread T_11;
    .scope S_000001749736e1c0;
T_12 ;
    %wait E_0000017497320d70;
    %load/vec4 v000001749770b9d0_0;
    %nor/r;
    %flag_set/vec4 8;
    %jmp/0xz  T_12.0, 8;
    %pushi/vec4 0, 0, 20;
    %assign/vec4 v000001749770bbb0_0, 0;
    %pushi/vec4 0, 0, 12;
    %assign/vec4 v000001749770a530_0, 0;
    %pushi/vec4 0, 0, 1;
    %assign/vec4 v000001749770aa30_0, 0;
    %jmp T_12.1;
T_12.0 ;
    %load/vec4 v000001749770a210_0;
    %pad/s 20;
    %load/vec4 v000001749770ad50_0;
    %pad/s 20;
    %mul;
    %assign/vec4 v000001749770bbb0_0, 0;
    %load/vec4 v000001749770a710_0;
    %assign/vec4 v000001749770a530_0, 0;
    %load/vec4 v000001749770bc50_0;
    %assign/vec4 v000001749770aa30_0, 0;
T_12.1 ;
    %jmp T_12;
    .thread T_12;
    .scope S_000001749736e1c0;
T_13 ;
    %wait E_0000017497320d70;
    %load/vec4 v000001749770b9d0_0;
    %nor/r;
    %flag_set/vec4 8;
    %jmp/0xz  T_13.0, 8;
    %pushi/vec4 0, 0, 32;
    %assign/vec4 v000001749770adf0_0, 0;
    %pushi/vec4 0, 0, 1;
    %assign/vec4 v000001749770a7b0_0, 0;
    %jmp T_13.1;
T_13.0 ;
    %load/vec4 v000001749770bbb0_0;
    %pad/s 32;
    %load/vec4 v000001749770a530_0;
    %pad/s 32;
    %mul;
    %ix/load 4, 8, 0;
    %flag_set/imm 4, 0;
    %shiftr/s 4;
    %assign/vec4 v000001749770adf0_0, 0;
    %load/vec4 v000001749770aa30_0;
    %assign/vec4 v000001749770a7b0_0, 0;
T_13.1 ;
    %jmp T_13;
    .thread T_13;
    .scope S_000001749736e1c0;
T_14 ;
    %wait E_0000017497320d70;
    %load/vec4 v000001749770b9d0_0;
    %nor/r;
    %flag_set/vec4 8;
    %jmp/0xz  T_14.0, 8;
    %pushi/vec4 0, 0, 32;
    %assign/vec4 v000001749770a990_0, 0;
    %pushi/vec4 0, 0, 1;
    %assign/vec4 v000001749770ae90_0, 0;
    %jmp T_14.1;
T_14.0 ;
    %load/vec4 v000001749770b890_0;
    %flag_set/vec4 8;
    %jmp/0xz  T_14.2, 8;
    %pushi/vec4 0, 0, 32;
    %assign/vec4 v000001749770a990_0, 0;
    %pushi/vec4 0, 0, 1;
    %assign/vec4 v000001749770ae90_0, 0;
    %jmp T_14.3;
T_14.2 ;
    %load/vec4 v000001749770a7b0_0;
    %flag_set/vec4 8;
    %jmp/0xz  T_14.4, 8;
    %alloc S_000001749736e4e0;
    %load/vec4 v000001749770a990_0;
    %load/vec4 v000001749770adf0_0;
    %store/vec4 v000001749770b610_0, 0, 32;
    %store/vec4 v000001749770b6b0_0, 0, 32;
    %callf/vec4 TD_tb_fp4_mac.dut.sat_acc, S_000001749736e4e0;
    %free S_000001749736e4e0;
    %assign/vec4 v000001749770a990_0, 0;
T_14.4 ;
    %load/vec4 v000001749770a7b0_0;
    %assign/vec4 v000001749770ae90_0, 0;
T_14.3 ;
T_14.1 ;
    %jmp T_14;
    .thread T_14;
    .scope S_000001749736a570;
T_15 ;
    %pushi/vec4 0, 0, 32;
    %store/vec4 v000001749771db30_0, 0, 32;
    %pushi/vec4 0, 0, 32;
    %store/vec4 v000001749771dbd0_0, 0, 32;
    %end;
    .thread T_15, $init;
    .scope S_000001749736a570;
T_16 ;
    %delay 5, 0;
    %load/vec4 v000001749771d310_0;
    %inv;
    %store/vec4 v000001749771d310_0, 0, 1;
    %jmp T_16;
    .thread T_16;
    .scope S_000001749736a570;
T_17 ;
    %pushi/vec4 0, 0, 1;
    %store/vec4 v000001749771d310_0, 0, 1;
    %pushi/vec4 0, 0, 1;
    %store/vec4 v000001749771c870_0, 0, 1;
    %pushi/vec4 0, 0, 1;
    %store/vec4 v000001749770a5d0_0, 0, 1;
    %pushi/vec4 0, 0, 25;
    %store/vec4 v000001749771d090_0, 0, 25;
    %pushi/vec4 5, 0, 32;
T_17.0 %dup/vec4;
    %pushi/vec4 0, 0, 32;
    %cmp/s;
    %jmp/1xz T_17.1, 5;
    %jmp/1 T_17.1, 4;
    %pushi/vec4 1, 0, 32;
    %sub;
    %wait E_0000017497321070;
    %jmp T_17.0;
T_17.1 ;
    %pop/vec4 1;
    %pushi/vec4 1, 0, 1;
    %store/vec4 v000001749771c870_0, 0, 1;
    %pushi/vec4 2, 0, 32;
T_17.2 %dup/vec4;
    %pushi/vec4 0, 0, 32;
    %cmp/s;
    %jmp/1xz T_17.3, 5;
    %jmp/1 T_17.3, 4;
    %pushi/vec4 1, 0, 32;
    %sub;
    %wait E_0000017497321070;
    %jmp T_17.2;
T_17.3 ;
    %pop/vec4 1;
    %vpi_call/w 5 125 "$display", "============================================================" {0 0 0};
    %vpi_call/w 5 126 "$display", " tb_fp4_mac \342\200\224 Golden Vector Verification" {0 0 0};
    %vpi_call/w 5 127 "$display", "============================================================" {0 0 0};
    %vpi_call/w 5 128 "$display", " Pipeline: 3-stage, %0d tests from tb_golden_pkg", P_000001749736d230 {0 0 0};
    %vpi_call/w 5 129 "$display", "============================================================" {0 0 0};
    %vpi_call/w 5 130 "$display", "\000" {0 0 0};
    %alloc S_000001749736e670;
    %pushi/vec4 1, 0, 32;
    %store/vec4 v000001749770a490_0, 0, 32;
    %pushi/vec4 4, 0, 256;
    %store/vec4 v000001749770b2f0_0, 0, 256;
    %pushi/vec4 56, 0, 512;
    %store/vec4 v000001749770b430_0, 0, 512;
    %pushi/vec4 56, 0, 512;
    %store/vec4 v000001749770be30_0, 0, 512;
    %pushi/vec4 4096, 0, 32;
    %store/vec4 v000001749770a2b0_0, 0, 32;
    %pushi/str "T1  single multiply        ";
    %store/str v000001749770b110_0;
    %pushi/vec4 0, 0, 1;
    %store/vec4 v000001749770bed0_0, 0, 1;
    %fork TD_tb_fp4_mac.run_test, S_000001749736e670;
    %join;
    %free S_000001749736e670;
    %alloc S_000001749736e670;
    %pushi/vec4 4, 0, 32;
    %store/vec4 v000001749770a490_0, 0, 32;
    %pushi/vec4 21794, 0, 256;
    %store/vec4 v000001749770b2f0_0, 0, 256;
    %pushi/vec4 673722416, 0, 512;
    %store/vec4 v000001749770b430_0, 0, 512;
    %pushi/vec4 943208504, 0, 512;
    %store/vec4 v000001749770be30_0, 0, 512;
    %pushi/vec4 5120, 0, 32;
    %store/vec4 v000001749770a2b0_0, 0, 32;
    %pushi/str "T2  4-term accumulation    ";
    %store/str v000001749770b110_0;
    %pushi/vec4 0, 0, 1;
    %store/vec4 v000001749770bed0_0, 0, 1;
    %fork TD_tb_fp4_mac.run_test, S_000001749736e670;
    %join;
    %free S_000001749736e670;
    %alloc S_000001749736e670;
    %pushi/vec4 8, 0, 32;
    %store/vec4 v000001749770a490_0, 0, 32;
    %pushi/vec4 1985229328, 0, 256;
    %store/vec4 v000001749770b2f0_0, 0, 256;
    %pushi/vec4 3772834016, 0, 482;
    %concati/vec4 943208504, 0, 30;
    %store/vec4 v000001749770b430_0, 0, 512;
    %pushi/vec4 3772834016, 0, 482;
    %concati/vec4 943208504, 0, 30;
    %store/vec4 v000001749770be30_0, 0, 512;
    %pushi/vec4 36864, 0, 32;
    %store/vec4 v000001749770a2b0_0, 0, 32;
    %pushi/str "T3  pos fp4 sweep (x8)     ";
    %store/str v000001749770b110_0;
    %pushi/vec4 0, 0, 1;
    %store/vec4 v000001749770bed0_0, 0, 1;
    %fork TD_tb_fp4_mac.run_test, S_000001749736e670;
    %join;
    %free S_000001749736e670;
    %alloc S_000001749736e670;
    %pushi/vec4 7, 0, 32;
    %store/vec4 v000001749770a490_0, 0, 32;
    %pushi/vec4 267242409, 0, 256;
    %store/vec4 v000001749770b2f0_0, 0, 256;
    %pushi/vec4 3772834016, 0, 490;
    %concati/vec4 3684408, 0, 22;
    %store/vec4 v000001749770b430_0, 0, 512;
    %pushi/vec4 3772834016, 0, 490;
    %concati/vec4 3684408, 0, 22;
    %store/vec4 v000001749770be30_0, 0, 512;
    %pushi/vec4 4294930432, 0, 32;
    %store/vec4 v000001749770a2b0_0, 0, 32;
    %pushi/str "T4  neg fp4 sweep (x7)     ";
    %store/str v000001749770b110_0;
    %pushi/vec4 0, 0, 1;
    %store/vec4 v000001749770bed0_0, 0, 1;
    %fork TD_tb_fp4_mac.run_test, S_000001749736e670;
    %join;
    %free S_000001749736e670;
    %alloc S_000001749736e670;
    %pushi/vec4 2, 0, 32;
    %store/vec4 v000001749770a490_0, 0, 32;
    %pushi/vec4 108, 0, 256;
    %store/vec4 v000001749770b2f0_0, 0, 256;
    %pushi/vec4 45112, 0, 512;
    %store/vec4 v000001749770b430_0, 0, 512;
    %pushi/vec4 14392, 0, 512;
    %store/vec4 v000001749770be30_0, 0, 512;
    %pushi/vec4 4294959104, 0, 32;
    %store/vec4 v000001749770a2b0_0, 0, 32;
    %pushi/str "T5  mixed signs            ";
    %store/str v000001749770b110_0;
    %pushi/vec4 0, 0, 1;
    %store/vec4 v000001749770bed0_0, 0, 1;
    %fork TD_tb_fp4_mac.run_test, S_000001749736e670;
    %join;
    %free S_000001749736e670;
    %alloc S_000001749736e670;
    %pushi/vec4 3, 0, 32;
    %store/vec4 v000001749770a490_0, 0, 32;
    %pushi/vec4 1152, 0, 256;
    %store/vec4 v000001749770b2f0_0, 0, 256;
    %pushi/vec4 14392, 0, 512;
    %store/vec4 v000001749770b430_0, 0, 512;
    %pushi/vec4 3684408, 0, 512;
    %store/vec4 v000001749770be30_0, 0, 512;
    %pushi/vec4 0, 0, 32;
    %store/vec4 v000001749770a2b0_0, 0, 32;
    %pushi/str "T6  zeros                  ";
    %store/str v000001749770b110_0;
    %pushi/vec4 0, 0, 1;
    %store/vec4 v000001749770bed0_0, 0, 1;
    %fork TD_tb_fp4_mac.run_test, S_000001749736e670;
    %join;
    %free S_000001749736e670;
    %alloc S_000001749736e670;
    %pushi/vec4 3, 0, 32;
    %store/vec4 v000001749770a490_0, 0, 32;
    %pushi/vec4 1092, 0, 256;
    %store/vec4 v000001749770b2f0_0, 0, 256;
    %pushi/vec4 459777, 0, 512;
    %store/vec4 v000001749770b430_0, 0, 512;
    %pushi/vec4 3684408, 0, 512;
    %store/vec4 v000001749770be30_0, 0, 512;
    %pushi/vec4 80, 0, 32;
    %store/vec4 v000001749770a2b0_0, 0, 32;
    %pushi/str "T7  fp8 subnorm            ";
    %store/str v000001749770b110_0;
    %pushi/vec4 0, 0, 1;
    %store/vec4 v000001749770bed0_0, 0, 1;
    %fork TD_tb_fp4_mac.run_test, S_000001749736e670;
    %join;
    %free S_000001749736e670;
    %alloc S_000001749736e670;
    %pushi/vec4 4, 0, 32;
    %store/vec4 v000001749770a490_0, 0, 32;
    %pushi/vec4 17476, 0, 256;
    %store/vec4 v000001749770b2f0_0, 0, 256;
    %pushi/vec4 252578056, 0, 512;
    %store/vec4 v000001749770b430_0, 0, 512;
    %pushi/vec4 943208504, 0, 512;
    %store/vec4 v000001749770be30_0, 0, 512;
    %pushi/vec4 352, 0, 32;
    %store/vec4 v000001749770a2b0_0, 0, 32;
    %pushi/str "T8  fp8 e=1 edge           ";
    %store/str v000001749770b110_0;
    %pushi/vec4 0, 0, 1;
    %store/vec4 v000001749770bed0_0, 0, 1;
    %fork TD_tb_fp4_mac.run_test, S_000001749736e670;
    %join;
    %free S_000001749736e670;
    %alloc S_000001749736e670;
    %pushi/vec4 3, 0, 32;
    %store/vec4 v000001749770a490_0, 0, 32;
    %pushi/vec4 1092, 0, 256;
    %store/vec4 v000001749770b2f0_0, 0, 256;
    %pushi/vec4 5263176, 0, 512;
    %store/vec4 v000001749770b430_0, 0, 512;
    %pushi/vec4 3684408, 0, 512;
    %store/vec4 v000001749770be30_0, 0, 512;
    %pushi/vec4 79856, 0, 32;
    %store/vec4 v000001749770a2b0_0, 0, 32;
    %pushi/str "T9  fp8 saturation edge    ";
    %store/str v000001749770b110_0;
    %pushi/vec4 0, 0, 1;
    %store/vec4 v000001749770bed0_0, 0, 1;
    %fork TD_tb_fp4_mac.run_test, S_000001749736e670;
    %join;
    %free S_000001749736e670;
    %alloc S_000001749736e670;
    %pushi/vec4 32, 0, 32;
    %store/vec4 v000001749770a490_0, 0, 32;
    %pushi/vec4 4008636142, 0, 161;
    %concati/vec4 4008636142, 0, 32;
    %concati/vec4 4008636142, 0, 32;
    %concati/vec4 2004318071, 0, 31;
    %store/vec4 v000001749770b2f0_0, 0, 256;
    %pushi/vec4 3772834016, 0, 290;
    %concati/vec4 3772834016, 0, 32;
    %concati/vec4 3772834016, 0, 32;
    %concati/vec4 3772834016, 0, 32;
    %concati/vec4 3772834016, 0, 32;
    %concati/vec4 3772834016, 0, 32;
    %concati/vec4 3772834016, 0, 32;
    %concati/vec4 943208504, 0, 30;
    %store/vec4 v000001749770b430_0, 0, 512;
    %pushi/vec4 3772834016, 0, 290;
    %concati/vec4 3772834016, 0, 32;
    %concati/vec4 3772834016, 0, 32;
    %concati/vec4 3772834016, 0, 32;
    %concati/vec4 3772834016, 0, 32;
    %concati/vec4 3772834016, 0, 32;
    %concati/vec4 3772834016, 0, 32;
    %concati/vec4 943208504, 0, 30;
    %store/vec4 v000001749770be30_0, 0, 512;
    %pushi/vec4 393216, 0, 32;
    %store/vec4 v000001749770a2b0_0, 0, 32;
    %pushi/str "T10 32-term max accum      ";
    %store/str v000001749770b110_0;
    %pushi/vec4 0, 0, 1;
    %store/vec4 v000001749770bed0_0, 0, 1;
    %fork TD_tb_fp4_mac.run_test, S_000001749736e670;
    %join;
    %free S_000001749736e670;
    %alloc S_000001749736e670;
    %pushi/vec4 16, 0, 32;
    %store/vec4 v000001749770a490_0, 0, 32;
    %pushi/vec4 2290649224, 0, 225;
    %concati/vec4 1145324612, 0, 31;
    %store/vec4 v000001749770b2f0_0, 0, 256;
    %pushi/vec4 3772834016, 0, 418;
    %concati/vec4 3772834016, 0, 32;
    %concati/vec4 3772834016, 0, 32;
    %concati/vec4 943208504, 0, 30;
    %store/vec4 v000001749770b430_0, 0, 512;
    %pushi/vec4 3772834016, 0, 418;
    %concati/vec4 3772834016, 0, 32;
    %concati/vec4 3772834016, 0, 32;
    %concati/vec4 943208504, 0, 30;
    %store/vec4 v000001749770be30_0, 0, 512;
    %pushi/vec4 65536, 0, 32;
    %store/vec4 v000001749770a2b0_0, 0, 32;
    %pushi/str "T11 16-stream (no bubble)  ";
    %store/str v000001749770b110_0;
    %pushi/vec4 0, 0, 1;
    %store/vec4 v000001749770bed0_0, 0, 1;
    %fork TD_tb_fp4_mac.run_test, S_000001749736e670;
    %join;
    %free S_000001749736e670;
    %alloc S_000001749736e670;
    %pushi/vec4 16, 0, 32;
    %store/vec4 v000001749770a490_0, 0, 32;
    %pushi/vec4 3873892070, 0, 224;
    %concati/vec4 3873892070, 0, 32;
    %store/vec4 v000001749770b2f0_0, 0, 256;
    %pushi/vec4 3772834016, 0, 418;
    %concati/vec4 3772834016, 0, 32;
    %concati/vec4 3772834016, 0, 32;
    %concati/vec4 943208504, 0, 30;
    %store/vec4 v000001749770b430_0, 0, 512;
    %pushi/vec4 3772834016, 0, 418;
    %concati/vec4 3772834016, 0, 32;
    %concati/vec4 3772834016, 0, 32;
    %concati/vec4 943208504, 0, 30;
    %store/vec4 v000001749770be30_0, 0, 512;
    %pushi/vec4 0, 0, 32;
    %store/vec4 v000001749770a2b0_0, 0, 32;
    %pushi/str "T12 sign cancellation (x16)";
    %store/str v000001749770b110_0;
    %pushi/vec4 0, 0, 1;
    %store/vec4 v000001749770bed0_0, 0, 1;
    %fork TD_tb_fp4_mac.run_test, S_000001749736e670;
    %join;
    %free S_000001749736e670;
    %alloc S_000001749736e670;
    %pushi/vec4 8, 0, 32;
    %store/vec4 v000001749770a490_0, 0, 32;
    %pushi/vec4 1145324612, 0, 256;
    %store/vec4 v000001749770b2f0_0, 0, 256;
    %pushi/vec4 3770720384, 0, 482;
    %concati/vec4 403703808, 0, 30;
    %store/vec4 v000001749770b430_0, 0, 512;
    %pushi/vec4 3772834016, 0, 482;
    %concati/vec4 943208504, 0, 30;
    %store/vec4 v000001749770be30_0, 0, 512;
    %pushi/vec4 8128, 0, 32;
    %store/vec4 v000001749770a2b0_0, 0, 32;
    %pushi/str "T13 fp8 exponent sweep     ";
    %store/str v000001749770b110_0;
    %pushi/vec4 0, 0, 1;
    %store/vec4 v000001749770bed0_0, 0, 1;
    %fork TD_tb_fp4_mac.run_test, S_000001749736e670;
    %join;
    %free S_000001749736e670;
    %alloc S_000001749736e670;
    %pushi/vec4 4, 0, 32;
    %store/vec4 v000001749770a490_0, 0, 32;
    %pushi/vec4 26180, 0, 256;
    %store/vec4 v000001749770b2f0_0, 0, 256;
    %pushi/vec4 943208504, 0, 512;
    %store/vec4 v000001749770b430_0, 0, 512;
    %pushi/vec4 809513024, 0, 512;
    %store/vec4 v000001749770be30_0, 0, 512;
    %pushi/vec4 30720, 0, 32;
    %store/vec4 v000001749770a2b0_0, 0, 32;
    %pushi/str "T14 non-unity scale        ";
    %store/str v000001749770b110_0;
    %pushi/vec4 0, 0, 1;
    %store/vec4 v000001749770bed0_0, 0, 1;
    %fork TD_tb_fp4_mac.run_test, S_000001749736e670;
    %join;
    %free S_000001749736e670;
    %fork t_9, S_00000174972c04c0;
    %jmp t_8;
    .scope S_00000174972c04c0;
t_9 ;
    %vpi_call/w 5 154 "$display", "\000" {0 0 0};
    %vpi_call/w 5 155 "$display", "--- Dynamic: accum_clr mid-stream ---" {0 0 0};
    %pushi/vec4 1, 0, 1;
    %store/vec4 v000001749770a5d0_0, 0, 1;
    %wait E_0000017497321070;
    %pushi/vec4 0, 0, 1;
    %store/vec4 v000001749770a5d0_0, 0, 1;
    %alloc S_000001749736be50;
    %pushi/vec4 4, 0, 4;
    %store/vec4 v0000017497331290_0, 0, 4;
    %pushi/vec4 56, 0, 8;
    %store/vec4 v00000174973310b0_0, 0, 8;
    %pushi/vec4 56, 0, 8;
    %store/vec4 v0000017497331150_0, 0, 8;
    %fork TD_tb_fp4_mac.drive, S_000001749736be50;
    %join;
    %free S_000001749736be50;
    %alloc S_000001749736be50;
    %pushi/vec4 4, 0, 4;
    %store/vec4 v0000017497331290_0, 0, 4;
    %pushi/vec4 56, 0, 8;
    %store/vec4 v00000174973310b0_0, 0, 8;
    %pushi/vec4 56, 0, 8;
    %store/vec4 v0000017497331150_0, 0, 8;
    %fork TD_tb_fp4_mac.drive, S_000001749736be50;
    %join;
    %free S_000001749736be50;
    %pushi/vec4 6, 0, 32;
T_17.4 %dup/vec4;
    %pushi/vec4 0, 0, 32;
    %cmp/s;
    %jmp/1xz T_17.5, 5;
    %jmp/1 T_17.5, 4;
    %pushi/vec4 1, 0, 32;
    %sub;
    %wait E_0000017497321070;
    %jmp T_17.4;
T_17.5 ;
    %pop/vec4 1;
    %load/vec4 v000001749771ce10_0;
    %parti/u 32, 1, 32;
    %store/vec4 v00000174973307f0_0, 0, 32;
    %vpi_call/w 5 163 "$display", "  After 2 terms: 0x%08h (expect 0x%08h)", v00000174973307f0_0, 32'b00000000000000000010000000000000 {0 0 0};
    %pushi/vec4 1, 0, 1;
    %store/vec4 v000001749770a5d0_0, 0, 1;
    %wait E_0000017497321070;
    %pushi/vec4 0, 0, 1;
    %store/vec4 v000001749770a5d0_0, 0, 1;
    %alloc S_000001749736be50;
    %pushi/vec4 6, 0, 4;
    %store/vec4 v0000017497331290_0, 0, 4;
    %pushi/vec4 56, 0, 8;
    %store/vec4 v00000174973310b0_0, 0, 8;
    %pushi/vec4 56, 0, 8;
    %store/vec4 v0000017497331150_0, 0, 8;
    %fork TD_tb_fp4_mac.drive, S_000001749736be50;
    %join;
    %free S_000001749736be50;
    %alloc S_000001749736be50;
    %pushi/vec4 6, 0, 4;
    %store/vec4 v0000017497331290_0, 0, 4;
    %pushi/vec4 56, 0, 8;
    %store/vec4 v00000174973310b0_0, 0, 8;
    %pushi/vec4 56, 0, 8;
    %store/vec4 v0000017497331150_0, 0, 8;
    %fork TD_tb_fp4_mac.drive, S_000001749736be50;
    %join;
    %free S_000001749736be50;
    %pushi/vec4 6, 0, 32;
T_17.6 %dup/vec4;
    %pushi/vec4 0, 0, 32;
    %cmp/s;
    %jmp/1xz T_17.7, 5;
    %jmp/1 T_17.7, 4;
    %pushi/vec4 1, 0, 32;
    %sub;
    %wait E_0000017497321070;
    %jmp T_17.6;
T_17.7 ;
    %pop/vec4 1;
    %load/vec4 v000001749771ce10_0;
    %parti/u 32, 1, 32;
    %store/vec4 v00000174973311f0_0, 0, 32;
    %vpi_call/w 5 171 "$display", "  After clear + 2 terms: 0x%08h (expect 0x%08h)", v00000174973311f0_0, 32'b00000000000000000100000000000000 {0 0 0};
    %load/vec4 v00000174973307f0_0;
    %cmpi/e 8192, 0, 32;
    %flag_get/vec4 6;
    %jmp/0 T_17.10, 6;
    %load/vec4 v00000174973311f0_0;
    %pushi/vec4 16384, 0, 32;
    %cmp/e;
    %flag_get/vec4 6;
    %and;
T_17.10;
    %flag_set/vec4 8;
    %jmp/0xz  T_17.8, 8;
    %vpi_call/w 5 174 "$display", "[ OK ] Dynamic accum_clr test" {0 0 0};
    ; show_stmt_assign_vector: Get l-value for compressed += operand
    %load/vec4 v000001749771db30_0;
    %pushi/vec4 1, 0, 32;
    %add;
    %store/vec4 v000001749771db30_0, 0, 32;
    %jmp T_17.9;
T_17.8 ;
    %vpi_call/w 5 177 "$error", "[FAIL] Dynamic accum_clr test" {0 0 0};
    ; show_stmt_assign_vector: Get l-value for compressed += operand
    %load/vec4 v000001749771dbd0_0;
    %pushi/vec4 1, 0, 32;
    %add;
    %store/vec4 v000001749771dbd0_0, 0, 32;
T_17.9 ;
    %end;
    .scope S_000001749736a570;
t_8 %join;
    %vpi_call/w 5 185 "$display", "\000" {0 0 0};
    %vpi_call/w 5 186 "$display", "============================================================" {0 0 0};
    %load/vec4 v000001749771dbd0_0;
    %cmpi/e 0, 0, 32;
    %jmp/0xz  T_17.11, 4;
    %vpi_call/w 5 188 "$display", " ALL %0d TESTS PASSED", v000001749771db30_0 {0 0 0};
    %jmp T_17.12;
T_17.11 ;
    %vpi_call/w 5 190 "$display", " %0d PASSED, %0d FAILED", v000001749771db30_0, v000001749771dbd0_0 {0 0 0};
T_17.12 ;
    %vpi_call/w 5 191 "$display", "============================================================" {0 0 0};
    %load/vec4 v000001749771dbd0_0;
    %cmpi/ne 0, 0, 32;
    %jmp/0xz  T_17.13, 4;
    %vpi_call/w 5 194 "$fatal", 32'sb00000000000000000000000000000001, "Testbench failed" {0 0 0};
T_17.13 ;
    %vpi_call/w 5 195 "$finish" {0 0 0};
    %end;
    .thread T_17;
    .scope S_000001749736a570;
T_18 ;
    %delay 500000, 0;
    %vpi_call/w 5 201 "$error", "TIMEOUT \342\200\224 simulation did not finish within 500us" {0 0 0};
    %vpi_call/w 5 202 "$finish" {0 0 0};
    %end;
    .thread T_18;
# The file index is used to find the file name in the following table.
:file_names 7;
    "N/A";
    "<interactive>";
    "-";
    "../include/fp4_types.svh";
    "./tb_golden_pkg.sv";
    "tb_fp4_mac.sv";
    "../dsp/fp4_mac.sv";
