======================================================================
  Demo 1: 魹ｽ魹ｽ Token 魹ｽ魹ｽﾋｮ魹ｽﾟｽ魹ｽ魹ｽﾄｷﾖｽ魹ｽ (9 Beats)
======================================================================

  Layer 0, batch=1, seq=128
  Expert hit=1, miss=5

  Beat   Stage                 Latency(魹ｽ魹ｽs)        ﾕｼ魹ｽ魹ｽ         ﾈｨ魹ｽ魹ｽﾔｴ          魹ｽ魹ｽ魹ｽ魹ｽ
  ------ -------------------- ------------ -------- ---------- ----------
  [0]   pcie_rx                   2.22     2.6%        none        none  魹ｽ魹ｽ
  [1]   mla_qk                    0.43     0.5%        sram     fp4魹ｽ魹ｽfp8  魹ｽ魹ｽ
  [2]   mla_attention            20.62    24.4%        sram     fp4魹ｽ魹ｽfp8  魹ｽ魹ｽ魹ｽ魹ｽ魹ｽ魹ｽ魹ｽ魹ｽ魹ｽ魹ｽ魹ｽ魹ｽ魹ｽ魹ｽ魹ｽ魹ｽ魹ｽ魹ｽ
  [3]   shared_expert             1.96     2.3%        sram     fp4魹ｽ魹ｽfp8  魹ｽ魹ｽ
  [4]   router                    0.07     0.1%        sram     fp4魹ｽ魹ｽfp8  魹ｽ魹ｽ
  [5]   expert_fetch             41.23    48.8%         hbm     fp4魹ｽ魹ｽfp8  魹ｽ魹ｽ魹ｽ魹ｽ魹ｽ魹ｽ魹ｽ魹ｽ魹ｽ魹ｽ魹ｽ魹ｽ魹ｽ魹ｽ魹ｽ魹ｽ魹ｽ魹ｽ魹ｽ魹ｽ魹ｽ魹ｽ魹ｽ魹ｽ魹ｽ魹ｽ魹ｽ魹ｽ魹ｽ魹ｽ魹ｽ魹ｽ魹ｽ魹ｽ魹ｽ魹ｽ魹ｽ魹ｽ
  [6]   routed_expert            15.65    18.5%         hbm     fp4魹ｽ魹ｽfp8  魹ｽ魹ｽ魹ｽ魹ｽ魹ｽ魹ｽ魹ｽ魹ｽ魹ｽ魹ｽ魹ｽ魹ｽ魹ｽ魹ｽ
  [7]   aggregate                 0.01     0.0%        none     fp8魹ｽ魹ｽfp8  魹ｽ魹ｽ
  [8]   pcie_tx                   2.22     2.6%        none        none  魹ｽ魹ｽ
  ------ -------------------- ------------ -------- ---------- ----------
  Total                            84.42    100.0%

  魹ｽ魹ｽ魹ｽ魹ｽ魹ｽ魹ｽﾔｴ魹ｽ魹ｽ魹ｽ魹ｽ:
    DSP:      38.7 魹ｽ魹ｽs (45.9%)
    HBM:      41.2 魹ｽ魹ｽs (48.8%)
    Ethernet: 18.4 魹ｽ魹ｽs (21.8%)
    PCIe:     4.4 魹ｽ魹ｽs (5.3%)
    ﾆｿ魹ｽ魹ｽ: HBM (41.2 魹ｽ魹ｽs ﾈｨ魹ｽﾘｼ魹ｽ魹ｽ魹ｽ)


======================================================================
  Demo 2: 魹ｽ魹ｽ魹ｽ魹ｽ 61 魹ｽ魹ｽ 魹ｽ魹ｽ 魹ｽ魹ｽ魹ｽﾐｷﾖｲ魹ｽ + 魹ｽ魹ｽ魹ｽ魹ｽﾍｳ魹ｽ魹ｽ
======================================================================

  Expert 魹ｽ魹ｽ魹ｽﾐｷﾖｲ魹ｽ (61 魹ｽ魹ｽ):
    0-hit: 38 魹ｽ魹ｽ (62.3%) 魹ｽ魹ｽ 魹ｽ魹ｽ SRAM+DSP, 魹ｽ魹ｽ魹ｽ
    1-hit: 19 魹ｽ魹ｽ (31.1%) 魹ｽ魹ｽ 1魹ｽ魹ｽHBM ﾈｨ魹ｽﾘｶ魹ｽ
    2+hit: 4 魹ｽ魹ｽ (6.6%) 魹ｽ魹ｽ 2魹ｽ魹ｽHBM ﾈｨ魹ｽﾘｶ魹ｽ, 魹ｽ魹ｽ魹ｽ魹ｽ

  ﾆｽ魹ｽ魹ｽ魹ｽ魹ｽ魹ｽ魹ｽ魹ｽﾓｳ魹ｽ (61魹ｽ魹ｽ):
    [0] pcie_rx            魹ｽ魹ｽ魹ｽ魹ｽ 2.2 魹ｽ魹ｽs 魹ｽ魹ｽ Host魹ｽ魹ｽFPGA: 魹ｽ魹ｽ魹ｽ魹ｽ activation [batch,7168]FP8 via PCIe
    [1] mla_qk             魹ｽ魹ｽ 0.4 魹ｽ魹ｽs 魹ｽ魹ｽ Q/K low-rank proj + RoPE: SRAM fp4 weights 魹ｽ魹ｽ FP8 act
    [2] mla_attention      魹ｽ魹ｽ魹ｽ魹ｽ魹ｽ魹ｽ魹ｽ魹ｽ魹ｽ魹ｽ魹ｽ魹ｽ魹ｽ魹ｽ魹ｽ魹ｽ魹ｽ魹ｽ魹ｽ魹ｽ魹ｽ魹ｽ魹ｽ魹ｽ魹ｽ魹ｽ魹ｽ魹ｽ魹ｽ魹ｽ魹ｽ魹ｽ魹ｽ魹ｽ魹ｽ魹ｽ魹ｽ魹ｽ魹ｽ魹ｽ 20.6 魹ｽ魹ｽs 魹ｽ魹ｽ Q/K/V up-proj + attention score + O-proj (SRAM fp4 + DSP)
    [3] shared_expert      魹ｽ魹ｽ 2.0 魹ｽ魹ｽs 魹ｽ魹ｽ Shared Expert SwiGLU: gate/up/down (SRAM fp4, ‾66M MACs)
    [4] router             魹ｽ魹ｽ 0.1 魹ｽ魹ｽs 魹ｽ魹ｽ MoE Router: Top-K expert selection (SRAM fp4 ‾0.37MB)
    [5] expert_fetch       魹ｽ魹ｽ魹ｽ魹ｽ魹ｽ魹ｽ魹ｽ魹ｽ魹ｽ魹ｽ魹ｽ魹ｽ魹ｽ魹ｽ魹ｽ魹ｽ魹ｽ魹ｽ魹ｽ魹ｽ魹ｽ魹ｽ魹ｽ魹ｽ魹ｽ魹ｽ魹ｽ魹ｽ魹ｽ魹ｽ魹ｽ魹ｽ魹ｽ魹ｽ魹ｽ魹ｽ魹ｽ魹ｽ魹ｽ魹ｽ魹ｽ魹ｽ魹ｽ魹ｽ魹ｽ魹ｽ魹ｽ魹ｽ魹ｽ魹ｽ魹ｽ魹ｽ魹ｽ魹ｽ魹ｽ魹ｽ魹ｽ魹ｽ魹ｽ魹ｽ魹ｽ魹ｽ魹ｽ魹ｽ 32.7 魹ｽ魹ｽs 魹ｽ魹ｽ Fetch expert weights: HBM(hit) / 100GbE(miss) RDMA
    [6] routed_expert      魹ｽ魹ｽ魹ｽ魹ｽ魹ｽ魹ｽ魹ｽ魹ｽ魹ｽ魹ｽ魹ｽ魹ｽ魹ｽ魹ｽ 7.2 魹ｽ魹ｽs 魹ｽ魹ｽ Routed Expert SwiGLU 魹ｽ魹ｽN: HBM fp4 weights 魹ｽ魹ｽ FP8 act
    [7] aggregate          魹ｽ魹ｽ 0.0 魹ｽ魹ｽs 魹ｽ魹ｽ Shared + Sum(weighted Routed) + RMS Norm
    [8] pcie_tx            魹ｽ魹ｽ魹ｽ魹ｽ 2.2 魹ｽ魹ｽs 魹ｽ魹ｽ FPGA魹ｽ魹ｽHost: 魹ｽ魹ｽ魹ｽ魹ｽ hidden_state [batch,7168]FP8 via PCIe

  ﾍｳ魹ｽ魹ｽ:
    ﾆｽ魹ｽ魹ｽﾃｿ魹ｽ魹ｽ: 67.4 魹ｽ魹ｽs
    DSP ﾆｽ魹ｽ魹ｽ: 30.3 魹ｽ魹ｽs (44.9%)
    HBM ﾆｽ魹ｽ魹ｽ: 18.9 魹ｽ魹ｽs (28.1%)
    ETH ﾆｽ魹ｽ魹ｽ: 20.4 魹ｽ魹ｽs (30.2%)
    PCIeﾆｽ魹ｽ魹ｽ: 4.4 魹ｽ魹ｽs (6.6%)
    61 魹ｽ魹ｽ魹ｽ魹ｽ魹ｽﾓｳ魹ｽ: 4110 魹ｽ魹ｽs = 4.1 ms
    魹ｽ魹ｽ魹ｽ魹ｽ (魹ｽ魹ｽ魹ｽ魹ｽ, batch=1): 243 tok/s
    DSP 魹ｽ魹ｽ魹ｽ魹ｽ魹ｽ魹ｽ: 100.0%


======================================================================
  Demo 3: TP 魹ｽ魹ｽ (8 ﾐｾﾆｬ = 2 魹ｽ魹ｽ) 魹ｽ魹ｽ 魹ｽ魹ｽﾌｫ魹ｽ魹ｽ AllReduce + 魹ｽ魹ｽ魹ｽ魹ｽ Expert Fetch
======================================================================

  TP Group: 8 魹ｽ魹ｽ
  Expert 魹ｽ魹ｽ魹ｽ魹ｽ: 82 / 384 (21.4%)

  Router Top-6: [26, 137, 44, 208, 136, 55]
    魹ｽ魹ｽ魹ｽ魹ｽ魹ｽ魹ｽ魹ｽ魹ｽ (2): [44, 136]
    魹ｽ魹ｽ魹ｽ魹ｽ魹ｽ RDMA (4): [26, 137, 208, 55]

  魹ｽﾓｳﾙｷﾖｽ魹ｽ:
    魹ｽ魹ｽ魹ｽ魹ｽ魹ｽ魹ｽ魹ｽﾓｳ魹ｽ: ['84.4', '141.3', '49.6', '84.4', '49.6', '49.6', '49.6', '49.6'] 魹ｽ魹ｽs
    魹ｽ魹ｽ魹ｽ魹ｽ魹ｽ魹ｽ:     141.3 魹ｽ魹ｽs
    AllReduce:  22.3 魹ｽ魹ｽs (魹ｽ魹ｽﾌｫ魹ｽ魹ｽ Ring)
    魹ｽ魹ｽ魹ｽ魹ｽ魹ｽ魹ｽﾈ｡:   5.7 魹ｽ魹ｽs (魹ｽ魹ｽﾌｫ魹ｽ魹ｽ RDMA)
    魹ｽ魹ｽ魹ｽ魹ｽ魹ｽ魹ｽ魹ｽ魹ｽ魹ｽ魹ｽ魹ｽ魹ｽ魹ｽ魹ｽ魹ｽ魹ｽ魹ｽ魹ｽ魹ｽ魹ｽ魹ｽ魹ｽ魹ｽ魹ｽ魹ｽ魹ｽ魹ｽ魹ｽ魹ｽ魹ｽ魹ｽ魹ｽ魹ｽ魹ｽ
    魹ｽ魹ｽ魹ｽﾓｳ魹ｽ:     169.4 魹ｽ魹ｽs

  61 魹ｽ魹ｽﾍｳ魹ｽ魹ｽ (batch_size=1):
    ﾆｽ魹ｽ魹ｽ魹ｽ魹ｽ魹ｽ魹ｽ魹ｽ魹ｽ魹ｽ魹ｽ魹ｽ魹ｽ: 105.5 魹ｽ魹ｽs/魹ｽ魹ｽ
    ﾆｽ魹ｽ魹ｽ AllReduce:   22.3 魹ｽ魹ｽs/魹ｽ魹ｽ (魹ｽ魹ｽﾌｫ魹ｽ魹ｽ 85 Gbps)
    ﾆｽ魹ｽ魹ｽ魹ｽ魹ｽ魹ｽ魹ｽ魹ｽ魹ｽﾈ｡:     6.0 魹ｽ魹ｽs/魹ｽ魹ｽ
    ﾆｽ魹ｽ魹ｽ魹ｽ魹ｽ魹ｽﾓｳ魹ｽ:       133.8 魹ｽ魹ｽs/魹ｽ魹ｽ
    61 魹ｽ魹ｽ魹ｽ魹ｽ魹ｽﾓｳ魹ｽ:      8163 魹ｽ魹ｽs = 8.2 ms
    魹ｽ魹ｽ魹ｽ魹ｽ (魹ｽ魹ｽ TP 魹ｽ魹ｽ):   123 tok/s

  魹ｽ魹ｽﾌｫ魹ｽ魹ｽ 100GbE ﾍｳ魹ｽ魹ｽ:
    魹ｽ魹ｽﾐｧ魹ｽ魹ｽ魹ｽ魹ｽ: 85.0 Gbps (10625.0 B/魹ｽ魹ｽs)
    AllReduce 魹ｽ魹ｽ魹ｽ魹ｽ: 61
    P2P 魹ｽ魹ｽ魹ｽ魹ｽ:       61
    魹ｽﾜｴ魹ｽ魹ｽ魹ｽ: 2.8 MB, 魹ｽ魹ｽ魹ｽﾓｳ魹ｽ: 1730 魹ｽ魹ｽs


======================================================================
  Demo 4: 魹ｽ魹ｽﾈｺ魹ｽ魹ｽ魹ｽﾂｹ魹ｽ魹ｽ魹ｽ 魹ｽ魹ｽ 8魹ｽ魹ｽ魹ｽ魹ｽ4ﾆｬ = 32ﾐｾﾆｬ
======================================================================

  魹ｽ魹ｽﾈｺ: 8 魹ｽ魹ｽ 魹ｽ魹ｽ 4 ﾆｬ = 32 ﾐｾﾆｬ 魹ｽ魹ｽ 4 魹ｽ魹ｽ TP 魹ｽ魹ｽ
    Group #0: 8 ﾆｬ (2 魹ｽ魹ｽ), 魹ｽ魹ｽ魹ｽ魹ｽ 82/384 experts (21.4%)
    Group #1: 8 ﾆｬ (2 魹ｽ魹ｽ), 魹ｽ魹ｽ魹ｽ魹ｽ 89/384 experts (23.2%)
    Group #2: 8 ﾆｬ (2 魹ｽ魹ｽ), 魹ｽ魹ｽ魹ｽ魹ｽ 86/384 experts (22.4%)
    Group #3: 8 ﾆｬ (2 魹ｽ魹ｽ), 魹ｽ魹ｽ魹ｽ魹ｽ 88/384 experts (22.9%)

  魹ｽ魹ｽ魹ｽ魹ｽ魹ｽﾓｳ魹ｽ (魹ｽ魹ｽ魹ｽﾊｼ魹ｽﾈｨ):
    P(0-hit)=82.7% 魹ｽ魹ｽ 10.6 魹ｽ魹ｽs = 8.8
    P(1-hit)=16.0% 魹ｽ魹ｽ 52.3 魹ｽ魹ｽs = 8.4
    P(2+hit)=1.3% 魹ｽ魹ｽ 94.0 魹ｽ魹ｽs = 1.3
    魹ｽ魹ｽﾈｨ魹ｽ魹ｽ魹ｽ魹ｽ:         18.4 魹ｽ魹ｽs
    + AllReduce:       19.3 魹ｽ魹ｽs (魹ｽ魹ｽﾌｫ魹ｽ魹ｽ 100GbE)
    + 魹ｽ魹ｽ魹ｽ魹ｽ RDMA:       0.0 魹ｽ魹ｽs (30魹ｽ魹ｽﾈｫ魹ｽ魹ｽ魹ｽ魹ｽ, miss=0)
    = 魹ｽ魹ｽ魹ｽ魹ｽ魹ｽﾓｳ魹ｽ:        37.7 魹ｽ魹ｽs

  ﾏｵﾍｳ魹ｽ魹ｽ魹ｽ魹ｽ:
    魹ｽ魹ｽ Token 魹ｽﾓｳ魹ｽ:     2302 魹ｽ魹ｽs = 2.3 ms
    魹ｽ魹ｽ魹ｽ魹ｽ魹ｽ魹ｽ魹ｽ魹ｽ:          434 tok/s (1 TP 魹ｽ魹ｽ)
    魹ｽ魹ｽﾋｮ魹ｽﾟｲ魹ｽ魹ｽﾐｶ魹ｽ:      4 魹ｽ魹ｽ
    魹ｽ魹ｽﾋｮ魹ｽ魹ｽ魹ｽ魹ｽ魹ｽ魹ｽ:        ‾1737 tok/s

  魹ｽ魹ｽ魹ｽ魹ｽ魹ｽ魹ｽﾔｴ魹ｽ魹ｽ魹ｽ魹ｽﾕｼ魹ｽ魹ｽ (魹ｽ魹ｽ魹ｽ魹ｽ魹ｽﾈｨ):
    DSP (MLA+Shared+Router+Routed)   魹ｽ魹ｽ魹ｽ魹ｽ魹ｽ魹ｽ魹ｽ魹ｽ魹ｽ魹ｽ魹ｽ魹ｽ魹ｽ魹ｽ魹ｽ魹ｽ魹ｽ魹ｽ魹ｽ魹ｽ魹ｽ魹ｽ魹ｽ魹ｽ魹ｽ魹ｽ魹ｽ魹ｽ魹ｽ魹ｽ魹ｽ魹ｽ魹ｽ魹ｽ魹ｽ魹ｽ魹ｽ魹ｽ魹ｽ魹ｽ魹ｽ魹ｽ魹ｽ魹ｽ 17.1 魹ｽ魹ｽs (45.3%)
    HBM (expert ﾈｨ魹ｽﾘｶ魹ｽ)                 魹ｽ魹ｽ魹ｽ魹ｽ魹ｽ魹ｽ魹ｽ魹ｽ魹ｽ魹ｽ魹ｽ魹ｽ魹ｽ魹ｽ魹ｽ魹ｽ魹ｽ魹ｽ魹ｽ魹ｽ 7.8 魹ｽ魹ｽs (20.7%)
    Ethernet (AllReduce)             魹ｽ魹ｽ魹ｽ魹ｽ魹ｽ魹ｽ魹ｽ魹ｽ魹ｽ魹ｽ魹ｽ魹ｽ魹ｽ魹ｽ魹ｽ魹ｽ魹ｽ魹ｽ魹ｽ魹ｽ魹ｽ魹ｽ魹ｽ魹ｽ魹ｽ魹ｽ魹ｽ魹ｽ魹ｽ魹ｽ魹ｽ魹ｽ魹ｽ魹ｽ魹ｽ魹ｽ魹ｽ魹ｽ魹ｽ魹ｽ魹ｽ魹ｽ魹ｽ魹ｽ魹ｽ魹ｽ魹ｽ魹ｽ魹ｽ魹ｽ 19.3 魹ｽ魹ｽs (51.3%)
    Ethernet (魹ｽ魹ｽ魹ｽ魹ｽ RDMA)               魹ｽ魹ｽ 0.0 魹ｽ魹ｽs (0.0%)
    PCIe (RX+TX)                     魹ｽ魹ｽ魹ｽ魹ｽ魹ｽ魹ｽ魹ｽ魹ｽ魹ｽ魹ｽ 4.3 魹ｽ魹ｽs (11.4%)

  H100 魹ｽﾔｱ魹ｽ:
    1魹ｽ魹ｽH100 (BF16, batch魹ｽ魹ｽ32):  ‾40 tok/s
    30魹ｽ魹ｽFPGA (fp4):            ‾1737 tok/s
    魹ｽ魹ｽ魹ｽﾂｱ魹ｽ: 30 FPGA 魹ｽ魹ｽ 43魹ｽ魹ｽ 1 H100
    ﾃｿ魹ｽ魹ｽﾐｧ魹ｽ魹ｽ: 1.4魹ｽ魹ｽ H100


======================================================================
  Demo 5: 魹ｽ魹ｽ魹ｽ魹ｽ魹ｽ魹ｽﾔｴ / 魹ｽ魹ｽﾂｷ魹ｽ魹ｽ魹ｽ魹ｽ
======================================================================

  Agilex 7 AGFB027 魹ｽ魹ｽ魹ｽ魹ｽ魹ｽ魹ｽﾔｴ:
    DSP:     9375 blocks, 8.44 TMACs/s
    HBM:     32 GB @ 920 GB/s (eff 87%)
    SRAM:    43 MB (M20K + MLAB)
    F-tile:  PCIe Gen5 x16 + 100GbE MAC

  魹ｽ魹ｽ魹ｽ魹ｽ魹ｽ魹ｽﾂｷ (2 魹ｽ魹ｽ):
    PCIe Gen5 x16:
      魹ｽ魹ｽ魹ｽ魹ｽ: 32 GB/s 魹ｽ魹ｽ魹ｽ魹ｽ魹ｽ魹ｽﾐｧ
      魹ｽﾓｳ魹ｽ: 2.0 魹ｽ魹ｽs 魹ｽ魹ｽ魹ｽ魹ｽ + data/BW
      魹ｽ魹ｽﾍｾ: Host<->FPGA activation / KV cache
      7KB activation: 2.22 魹ｽ魹ｽs

    100GbE RDMA (魹ｽ魹ｽ魹ｽﾐｿ魹ｽ魹ｽ魹ｽﾍｨ魹ｽ魹ｽ):
      魹ｽ魹ｽ魹ｽ魹ｽ: 100.0 Gbps, 魹ｽ魹ｽﾐｧ: 85 Gbps = 10625 B/魹ｽ魹ｽs
      ﾍｬ魹ｽ魹ｽ魹ｽ魹ｽ: 1 魹ｽ魹ｽ (SW) 魹ｽ魹ｽ 1.5 魹ｽ魹ｽs = 1.5 魹ｽ魹ｽs
      魹ｽ魹ｽ魹ｽ魹ｽ魹ｽ魹ｽ魹ｽ: 2 魹ｽ魹ｽ (SW1+SW2) 魹ｽ魹ｽ 1.5 魹ｽ魹ｽs = 3.0 魹ｽ魹ｽs
      ﾍｬ魹ｽ魹ｽ魹ｽ魹ｽ AllReduce (7魹ｽ魹ｽ, 7KB): 19.35 魹ｽ魹ｽs
      魹ｽ魹ｽ魹ｽ魹ｽ魹ｽ魹ｽ魹ｽ P2P (7KB): 3.67 魹ｽ魹ｽs

    HBM2e ﾈｨ魹ｽﾘｶ魹ｽ:
      魹ｽ魹ｽﾐｧ魹ｽ魹ｽ魹ｽ魹ｽ: 800 GB/s = 800400 B/魹ｽ魹ｽs
      1 expert (33 MB): 41.2 魹ｽ魹ｽs
      2 experts: 82.5 魹ｽ魹ｽs

  DSP 魹ｽ魹ｽ魹ｽ魹ｽﾄ｣ﾊｽ:
    fp4魹ｽ魹ｽFP8: ﾈｨ魹ｽ魹ｽ fp4 魹ｽ魹ｽ LUT(16魹ｽ魹ｽ) 魹ｽ魹ｽ fp8 魹ｽ魹ｽ 魹ｽ魹ｽFP8 魹ｽ魹ｽ fp32 acc
    FP8魹ｽ魹ｽFP8: ﾈｨ魹ｽ魹ｽ fp8 魹ｽ魹ｽ魹ｽ魹ｽ魹ｽ魹ｽ魹ｽ魹ｽ魹ｽ魹ｽ魹ｽ魹ｽ魹ｽ魹ｽ魹ｽ魹ｽ魹ｽ魹ｽ魹ｽ魹ｽ魹ｽ魹ｽ魹ｽ魹ｽ魹ｽ魹ｽ魹ｽ魹ｽ魹ｽ魹ｽ 魹ｽ魹ｽFP8 魹ｽ魹ｽ fp32 acc
    魹ｽ魹ｽ魹ｽ魹ｽﾄ｣ﾊｽ魹ｽ魹ｽ魹ｽ魹ｽﾍｬﾒｻ MAC 魹ｽ魹ｽ魹ｽ魹ｽ, 魹ｽ魹ｽ魹ｽ魹ｽ mux 魹ｽﾐｻ魹ｽ

  RTL 魹ｽ魹ｽﾊｵ魹ｽ魹ｽ:
    [TODO] fp4_lut            魹ｽ魹ｽ fp4魹ｽ魹ｽfp8 16魹ｽ魹ｽ魹ｽ魹ｽ魹ｽ魹ｽ魹ｽ魹ｽ魹ｽ魹ｽ
    [TODO] dsp_gemm           魹ｽ魹ｽ fp4/FP8魹ｽ魹ｽFP8魹ｽ魹ｽfp32 MAC 魹ｽ魹ｽ魹ｽ魹ｽ
    [TODO] mla_qk_proj        魹ｽ魹ｽ MLA Q/K 魹ｽ魹ｽ魹ｽ魹ｽﾍｶﾓｰ + RoPE
    [TODO] mla_attention      魹ｽ魹ｽ flash attention (QK^T + softmax + V)
    [TODO] swiglu_ffn         魹ｽ魹ｽ gate/up SiLU + down ﾍｶﾓｰ
    [TODO] router_topk        魹ｽ魹ｽ Top-K ﾂｷ魹ｽ魹ｽ (softmax + argsort)
    [TODO] hbm_reader         魹ｽ魹ｽ HBM ﾋｳ魹ｽ魹ｽ burst 魹ｽ魹ｽ (expert ﾈｨ魹ｽ魹ｽ)
    [TODO] pcie_dma           魹ｽ魹ｽ PCIe Gen5 x16 DMA 魹ｽ魹ｽ魹ｽ魹ｽ
    [TODO] eth_mac_rdma       魹ｽ魹ｽ 100GbE MAC + RDMA 魹ｽ魹ｽ魹ｽ魹ｽ
    [TODO] pipeline_ctrl      魹ｽ魹ｽ 9-stage 魹ｽ魹ｽﾋｮ魹ｽﾟｿ魹ｽ魹ｽ魹ｽ魹ｽ魹ｽ (ﾋｫ魹ｽ魹ｽ魹ｽ魹ｽ + flow control)


--- STDERR ---
